26/08/2021,13:46:47,Logging Panel Points Panel ID: MZX_SunburyRD_001

26/08/2021,13:46:49,53,228,0,0,253,18,0,4,0,149,0,0,0,12,1,0,1,0,1,103,129,0,2,0,1,254,1,20,103,16,0,95,0,0,0,0,9,1,9,0,81,0,0,0,0,0,0,0,0,0,0,0,0,21,
26/08/2021,14:33:05,53,228,0,0,253,18,0,4,0,149,0,0,0,12,1,0,1,0,1,103,129,0,2,0,1,254,1,20,103,16,0,95,0,0,0,0,9,1,9,0,81,0,0,0,0,0,0,0,0,0,0,0,0,21,
26/08/2021,14:33:11,53,228,0,0,253,18,0,4,0,149,0,0,0,12,1,0,1,0,1,103,129,0,2,0,1,254,1,20,103,16,0,95,0,0,0,0,9,1,9,0,81,0,0,0,0,0,0,0,0,0,0,0,0,22,
26/08/2021,14:33:17,53,228,0,0,253,18,0,4,0,149,0,0,0,12,1,0,1,0,1,103,129,0,2,0,1,254,1,20,103,16,0,95,0,0,0,0,9,1,9,0,81,0,0,0,0,0,0,0,0,0,0,0,0,23,
26/08/2021,14:33:23,53,228,0,0,253,18,0,4,0,149,0,0,0,12,1,0,1,0,1,103,129,0,2,0,1,254,1,20,103,16,0,95,0,0,0,0,9,1,9,0,81,0,0,0,0,0,0,0,0,0,0,0,0,8,
26/08/2021,14:33:29,53,228,0,0,253,18,0,4,0,149,0,0,0,12,1,0,1,0,1,103,129,0,2,0,1,254,1,20,103,16,0,95,0,0,0,0,9,1,9,0,81,0,0,0,0,0,0,0,0,0,0,0,0,9,
26/08/2021,14:33:35,53,228,0,0,253,18,0,4,0,149,0,0,0,12,1,0,1,0,1,103,129,0,2,0,1,254,1,20,103,16,0,95,0,0,0,0,9,1,9,0,81,0,0,0,0,0,0,0,0,0,0,0,0,10,
26/08/2021,14:33:41,53,228,0,0,253,18,0,4,0,149,0,0,0,12,1,0,1,0,1,103,129,0,2,0,1,254,1,20,103,16,0,95,0,0,0,0,9,1,9,0,81,0,0,0,0,0,0,0,0,0,0,0,0,11,
26/08/2021,14:33:47,53,228,0,0,253,18,0,4,0,149,0,0,0,12,1,0,1,0,1,103,129,0,2,0,1,254,1,20,103,16,0,95,0,0,0,0,9,1,9,0,81,0,0,0,0,0,0,0,0,0,0,0,0,12,
26/08/2021,14:33:53,53,228,0,0,253,18,0,4,0,149,0,0,0,12,1,0,1,0,1,103,129,0,2,0,1,254,1,20,103,16,0,95,0,0,0,0,9,1,9,0,81,0,0,0,0,0,0,0,0,0,0,0,0,13,
26/08/2021,14:33:59,53,228,0,0,253,18,0,4,0,149,0,0,0,12,1,0,1,0,1,103,129,0,2,0,1,254,1,20,103,16,0,95,0,0,0,0,9,1,9,0,81,0,0,0,0,0,0,0,0,0,0,0,0,14,
26/08/2021,14:34:05,53,228,0,0,253,18,0,4,0,149,0,0,0,12,1,0,1,0,1,103,129,0,2,0,1,254,1,20,103,16,0,95,0,0,0,0,9,1,9,0,81,0,0,0,0,0,0,0,0,0,0,0,0,15,
26/08/2021,14:34:11,53,228,0,0,253,18,0,4,0,149,0,0,0,12,1,0,1,0,1,103,129,0,2,0,1,254,1,20,103,16,0,95,0,0,0,0,9,1,9,0,81,0,0,0,0,0,0,0,0,0,0,0,0,16,
26/08/2021,14:34:17,53,228,0,0,253,18,0,4,0,149,0,0,0,12,1,0,1,0,1,103,129,0,2,0,1,254,1,20,103,16,0,95,0,0,0,0,9,1,9,0,81,0,0,0,0,0,0,0,0,0,0,0,0,17,
26/08/2021,14:34:24,53,228,0,0,253,18,0,4,0,149,0,0,0,12,1,0,1,0,1,103,129,0,2,0,1,254,1,20,103,16,0,95,0,0,0,0,9,1,9,0,81,0,0,0,0,0,0,0,0,0,0,0,0,18,
26/08/2021,14:34:30,53,228,0,0,253,18,0,4,0,149,0,0,0,12,1,0,1,0,1,103,129,0,2,0,1,254,1,20,103,16,0,95,0,0,0,0,9,1,9,0,81,0,0,0,0,0,0,0,0,0,0,0,0,19,
26/08/2021,14:34:36,53,228,0,0,253,18,0,4,0,149,0,0,0,12,1,0,1,0,1,103,129,0,2,0,1,254,1,20,103,16,0,95,0,0,0,0,9,1,9,0,81,0,0,0,0,0,0,0,0,0,0,0,0,20,
26/08/2021,14:34:42,53,228,0,0,253,18,0,4,0,149,0,0,0,12,1,0,1,0,1,103,129,0,2,0,1,254,1,20,103,16,0,95,0,0,0,0,9,1,9,0,81,0,0,0,0,0,0,0,0,0,0,0,0,21,
26/08/2021,14:34:49,53,228,0,0,253,18,0,4,0,149,0,0,0,12,1,0,1,0,1,103,129,0,2,0,1,254,1,20,103,16,0,95,0,0,0,0,9,1,9,0,81,0,0,0,0,0,0,0,0,0,0,0,0,22,
26/08/2021,14:34:55,53,228,0,0,253,18,0,4,0,149,0,0,0,12,1,0,1,0,1,103,129,0,2,0,1,254,1,20,103,16,0,95,0,0,0,0,9,1,9,0,81,0,0,0,0,0,0,0,0,0,0,0,0,23,
26/08/2021,14:35:01,53,228,0,0,253,18,0,4,0,149,0,0,0,12,1,0,1,0,1,103,129,0,2,0,1,254,1,20,103,16,0,95,0,0,0,0,9,1,9,0,81,0,0,0,0,0,0,0,0,0,0,0,0,8,
26/08/2021,14:35:07,53,228,0,0,253,18,0,4,0,149,0,0,0,12,1,0,1,0,1,103,129,0,2,0,1,254,1,20,103,16,0,95,0,0,0,0,9,1,9,0,81,0,0,0,0,0,0,0,0,0,0,0,0,9,
26/08/2021,14:35:14,53,228,0,0,253,18,0,4,0,149,0,0,0,12,1,0,1,0,1,103,129,0,2,0,1,254,1,20,103,16,0,95,0,0,0,0,9,1,9,0,81,0,0,0,0,0,0,0,0,0,0,0,0,10,
26/08/2021,14:35:20,53,228,0,0,253,18,0,4,0,149,0,0,0,12,1,0,1,0,1,103,129,0,2,0,1,254,1,20,103,16,0,95,0,0,0,0,9,1,9,0,81,0,0,0,0,0,0,0,0,0,0,0,0,11,
26/08/2021,14:35:26,53,228,0,0,253,18,0,4,0,149,0,0,0,12,1,0,1,0,1,103,129,0,2,0,1,254,1,20,103,16,0,95,0,0,0,0,9,1,9,0,81,0,0,0,0,0,0,0,0,0,0,0,0,12,
26/08/2021,14:35:32,53,228,0,0,253,18,0,4,0,149,0,0,0,12,1,0,1,0,1,103,129,0,2,0,1,254,1,20,103,16,0,95,0,0,0,0,9,1,9,0,81,0,0,0,0,0,0,0,0,0,0,0,0,13,
26/08/2021,14:35:39,53,228,0,0,253,18,0,4,0,149,0,0,0,12,1,0,1,0,1,103,129,0,2,0,1,254,1,20,103,16,0,95,0,0,0,0,9,1,9,0,81,0,0,0,0,0,0,0,0,0,0,0,0,14,
26/08/2021,14:35:45,53,228,0,0,253,18,0,4,0,149,0,0,0,12,1,0,1,0,1,103,129,0,2,0,1,254,1,20,103,16,0,95,0,0,0,0,9,1,9,0,81,0,0,0,0,0,0,0,0,0,0,0,0,15,
26/08/2021,14:35:51,53,228,0,0,253,18,0,4,0,149,0,0,0,12,1,0,1,0,1,103,129,0,2,0,1,254,1,20,103,16,0,95,0,0,0,0,9,1,9,0,81,0,0,0,0,0,0,0,0,0,0,0,0,16,
26/08/2021,14:35:57,53,228,0,0,253,18,0,4,0,149,0,0,0,12,1,0,1,0,1,103,129,0,2,0,1,254,1,20,103,16,0,95,0,0,0,0,9,1,9,0,81,0,0,0,0,0,0,0,0,0,0,0,0,17,
26/08/2021,14:36:04,53,228,0,0,253,18,0,4,0,149,0,0,0,12,1,0,1,0,1,103,129,0,2,0,1,254,1,20,103,16,0,95,0,0,0,0,9,1,9,0,81,0,0,0,0,0,0,0,0,0,0,0,0,18,
26/08/2021,14:36:10,53,228,0,0,253,18,0,4,0,149,0,0,0,12,1,0,1,0,1,103,129,0,2,0,1,254,1,20,103,16,0,95,0,0,0,0,9,1,9,0,81,0,0,0,0,0,0,0,0,0,0,0,0,19,
26/08/2021,14:36:16,53,228,0,0,253,18,0,4,0,149,0,0,0,12,1,0,1,0,1,103,129,0,2,0,1,254,1,20,103,16,0,95,0,0,0,0,9,1,9,0,81,0,0,0,0,0,0,0,0,0,0,0,0,20,
26/08/2021,14:36:22,53,228,0,0,253,18,0,4,0,149,0,0,0,12,1,0,1,0,1,103,129,0,2,0,1,254,1,20,103,16,0,95,0,0,0,0,9,1,9,0,81,0,0,0,0,0,0,0,0,0,0,0,0,21,
26/08/2021,14:36:29,53,228,0,0,253,18,0,4,0,149,0,0,0,12,1,0,1,0,1,103,129,0,2,0,1,254,1,20,103,16,0,95,0,0,0,0,9,1,9,0,81,0,0,0,0,0,0,0,0,0,0,0,0,22,
26/08/2021,14:36:35,53,228,0,0,253,18,0,4,0,149,0,0,0,12,1,0,1,0,1,103,129,0,2,0,1,254,1,20,103,16,0,95,0,0,0,0,9,1,9,0,81,0,0,0,0,0,0,0,0,0,0,0,0,23,
26/08/2021,14:36:41,53,228,0,0,253,18,0,4,0,149,0,0,0,12,1,0,1,0,1,103,129,0,2,0,1,254,1,20,103,16,0,95,0,0,0,0,9,1,9,0,81,0,0,0,0,0,0,0,0,0,0,0,0,8,
26/08/2021,14:36:47,53,228,0,0,253,18,0,4,0,149,0,0,0,12,1,0,1,0,1,103,129,0,2,0,1,254,1,20,103,16,0,95,0,0,0,0,9,1,9,0,81,0,0,0,0,0,0,0,0,0,0,0,0,9,
26/08/2021,14:36:54,53,228,0,0,253,18,0,4,0,149,0,0,0,12,1,0,1,0,1,103,129,0,2,0,1,254,1,20,103,16,0,95,0,0,0,0,9,1,9,0,81,0,0,0,0,0,0,0,0,0,0,0,0,10,
26/08/2021,14:37:00,53,228,0,0,253,18,0,4,0,149,0,0,0,12,1,0,1,0,1,103,129,0,2,0,1,254,1,20,103,16,0,95,0,0,0,0,9,1,9,0,81,0,0,0,0,0,0,0,0,0,0,0,0,11,
26/08/2021,14:37:06,53,228,0,0,253,18,0,4,0,149,0,0,0,12,1,0,1,0,1,103,129,0,2,0,1,254,1,20,103,16,0,95,0,0,0,0,9,1,9,0,81,0,0,0,0,0,0,0,0,0,0,0,0,12,
26/08/2021,14:37:12,53,228,0,0,253,18,0,4,0,149,0,0,0,12,1,0,1,0,1,103,129,0,2,0,1,254,1,20,103,16,0,95,0,0,0,0,9,1,9,0,81,0,0,0,0,0,0,0,0,0,0,0,0,13,
26/08/2021,14:37:19,53,228,0,0,253,18,0,4,0,149,0,0,0,12,1,0,1,0,1,103,129,0,2,0,1,254,1,20,103,16,0,95,0,0,0,0,9,1,9,0,81,0,0,0,0,0,0,0,0,0,0,0,0,14,
26/08/2021,14:37:25,53,228,0,0,253,18,0,4,0,149,0,0,0,12,1,0,1,0,1,103,129,0,2,0,1,254,1,20,103,16,0,95,0,0,0,0,9,1,9,0,81,0,0,0,0,0,0,0,0,0,0,0,0,15,
26/08/2021,14:37:31,53,228,0,0,253,18,0,4,0,149,0,0,0,12,1,0,1,0,1,103,129,0,2,0,1,254,1,20,103,16,0,95,0,0,0,0,9,1,9,0,81,0,0,0,0,0,0,0,0,0,0,0,0,16,
26/08/2021,14:37:37,53,228,0,0,253,18,0,4,0,149,0,0,0,12,1,0,1,0,1,103,129,0,2,0,1,254,1,20,103,16,0,95,0,0,0,0,9,1,9,0,81,0,0,0,0,0,0,0,0,0,0,0,0,17,
26/08/2021,14:37:44,53,228,0,0,253,18,0,4,0,149,0,0,0,12,1,0,1,0,1,103,129,0,2,0,1,254,1,20,103,16,0,95,0,0,0,0,9,1,9,0,81,0,0,0,0,0,0,0,0,0,0,0,0,18,
26/08/2021,14:37:50,53,228,0,0,253,18,0,4,0,149,0,0,0,12,1,0,1,0,1,103,129,0,2,0,1,254,1,20,103,16,0,95,0,0,0,0,9,1,9,0,81,0,0,0,0,0,0,0,0,0,0,0,0,19,
26/08/2021,14:37:56,53,228,0,0,253,18,0,4,0,149,0,0,0,12,1,0,1,0,1,103,129,0,2,0,1,254,1,20,103,16,0,95,0,0,0,0,9,1,9,0,81,0,0,0,0,0,0,0,0,0,0,0,0,20,
26/08/2021,14:38:02,53,228,0,0,253,18,0,4,0,149,0,0,0,12,1,0,1,0,1,103,129,0,2,0,1,254,1,20,103,16,0,95,0,0,0,0,9,1,9,0,81,0,0,0,0,0,0,0,0,0,0,0,0,21,
26/08/2021,14:38:08,53,228,0,0,253,18,0,4,0,149,0,0,0,12,1,0,1,0,1,103,129,0,2,0,1,254,1,20,103,16,0,95,0,0,0,0,9,1,9,0,81,0,0,0,0,0,0,0,0,0,0,0,0,22,
26/08/2021,14:38:15,53,228,0,0,253,18,0,4,0,149,0,0,0,12,1,0,1,0,1,103,129,0,2,0,1,254,1,20,103,16,0,95,0,0,0,0,9,1,9,0,81,0,0,0,0,0,0,0,0,0,0,0,0,23,
26/08/2021,14:38:21,53,228,0,0,253,18,0,4,0,149,0,0,0,12,1,0,1,0,1,103,129,0,2,0,1,254,1,20,103,16,0,95,0,0,0,0,9,1,9,0,81,0,0,0,0,0,0,0,0,0,0,0,0,8,
26/08/2021,14:38:27,53,228,0,0,253,18,0,4,0,149,0,0,0,12,1,0,1,0,1,103,129,0,2,0,1,254,1,20,103,16,0,95,0,0,0,0,9,1,9,0,81,0,0,0,0,0,0,0,0,0,0,0,0,9,
26/08/2021,14:38:33,53,228,0,0,253,18,0,4,0,149,0,0,0,12,1,0,1,0,1,103,129,0,2,0,1,254,1,20,103,16,0,95,0,0,0,0,9,1,9,0,81,0,0,0,0,0,0,0,0,0,0,0,0,10,
26/08/2021,14:38:40,53,228,0,0,253,18,0,4,0,149,0,0,0,12,1,0,1,0,1,103,129,0,2,0,1,254,1,20,103,16,0,95,0,0,0,0,9,1,9,0,81,0,0,0,0,0,0,0,0,0,0,0,0,11,
26/08/2021,14:38:46,53,228,0,0,253,18,0,4,0,149,0,0,0,12,1,0,1,0,1,103,129,0,2,0,1,254,1,20,103,16,0,95,0,0,0,0,9,1,9,0,81,0,0,0,0,0,0,0,0,0,0,0,0,12,
26/08/2021,14:38:52,53,228,0,0,253,18,0,4,0,149,0,0,0,12,1,0,1,0,1,103,129,0,2,0,1,254,1,20,103,16,0,95,0,0,0,0,9,1,9,0,81,0,0,0,0,0,0,0,0,0,0,0,0,13,
26/08/2021,14:38:58,53,228,0,0,253,18,0,4,0,149,0,0,0,12,1,0,1,0,1,103,129,0,2,0,1,254,1,20,103,16,0,95,0,0,0,0,9,1,9,0,81,0,0,0,0,0,0,0,0,0,0,0,0,14,
26/08/2021,14:39:05,53,228,0,0,253,18,0,4,0,149,0,0,0,12,1,0,1,0,1,103,129,0,2,0,1,254,1,20,103,16,0,95,0,0,0,0,9,1,9,0,81,0,0,0,0,0,0,0,0,0,0,0,0,15,
26/08/2021,14:39:11,53,228,0,0,253,18,0,4,0,149,0,0,0,12,1,0,1,0,1,103,129,0,2,0,1,254,1,20,103,16,0,95,0,0,0,0,9,1,9,0,81,0,0,0,0,0,0,0,0,0,0,0,0,16,
26/08/2021,14:39:17,53,228,0,0,253,18,0,4,0,149,0,0,0,12,1,0,1,0,1,103,129,0,2,0,1,254,1,20,103,16,0,95,0,0,0,0,9,1,9,0,81,0,0,0,0,0,0,0,0,0,0,0,0,17,
26/08/2021,14:39:23,53,228,0,0,253,18,0,4,0,149,0,0,0,12,1,0,1,0,1,103,129,0,2,0,1,254,1,20,103,16,0,95,0,0,0,0,9,1,9,0,81,0,0,0,0,0,0,0,0,0,0,0,0,18,
26/08/2021,14:39:30,53,228,0,0,253,18,0,4,0,149,0,0,0,12,1,0,1,0,1,103,129,0,2,0,1,254,1,20,103,16,0,95,0,0,0,0,9,1,9,0,81,0,0,0,0,0,0,0,0,0,0,0,0,19,
26/08/2021,14:39:36,53,228,0,0,253,18,0,4,0,149,0,0,0,12,1,0,1,0,1,103,129,0,2,0,1,254,1,20,103,16,0,95,0,0,0,0,9,1,9,0,81,0,0,0,0,0,0,0,0,0,0,0,0,20,
26/08/2021,14:39:42,53,228,0,0,253,18,0,4,0,149,0,0,0,12,1,0,1,0,1,103,129,0,2,0,1,254,1,20,103,16,0,95,0,0,0,0,9,1,9,0,81,0,0,0,0,0,0,0,0,0,0,0,0,21,
26/08/2021,14:39:48,53,228,0,0,253,18,0,4,0,149,0,0,0,12,1,0,1,0,1,103,129,0,2,0,1,254,1,20,103,16,0,95,0,0,0,0,9,1,9,0,81,0,0,0,0,0,0,0,0,0,0,0,0,22,
26/08/2021,14:39:54,53,228,0,0,253,18,0,4,0,149,0,0,0,12,1,0,1,0,1,103,129,0,2,0,1,254,1,20,103,16,0,95,0,0,0,0,9,1,9,0,81,0,0,0,0,0,0,0,0,0,0,0,0,23,
26/08/2021,14:40:01,53,228,0,0,253,18,0,4,0,149,0,0,0,12,1,0,1,0,1,103,129,0,2,0,1,254,1,20,103,16,0,95,0,0,0,0,9,1,9,0,81,0,0,0,0,0,0,0,0,0,0,0,0,8,
26/08/2021,14:40:07,53,228,0,0,253,18,0,4,0,149,0,0,0,12,1,0,1,0,1,103,129,0,2,0,1,254,1,20,103,16,0,95,0,0,0,0,9,1,9,0,81,0,0,0,0,0,0,0,0,0,0,0,0,9,
26/08/2021,14:40:13,53,228,0,0,253,18,0,4,0,149,0,0,0,12,1,0,1,0,1,103,129,0,2,0,1,254,1,20,103,16,0,95,0,0,0,0,9,1,9,0,81,0,0,0,0,0,0,0,0,0,0,0,0,10,
26/08/2021,14:40:19,53,228,0,0,253,18,0,4,0,149,0,0,0,12,1,0,1,0,1,103,129,0,2,0,1,254,1,20,103,16,0,95,0,0,0,0,9,1,9,0,81,0,0,0,0,0,0,0,0,0,0,0,0,11,
26/08/2021,14:40:26,53,228,0,0,253,18,0,4,0,149,0,0,0,12,1,0,1,0,1,103,129,0,2,0,1,254,1,20,103,16,0,95,0,0,0,0,9,1,9,0,81,0,0,0,0,0,0,0,0,0,0,0,0,12,
26/08/2021,14:40:32,53,228,0,0,253,18,0,4,0,149,0,0,0,12,1,0,1,0,1,103,129,0,2,0,1,254,1,20,103,16,0,95,0,0,0,0,9,1,9,0,81,0,0,0,0,0,0,0,0,0,0,0,0,13,
26/08/2021,14:40:38,53,228,0,0,253,18,0,4,0,149,0,0,0,12,1,0,1,0,1,103,129,0,2,0,1,254,1,20,103,16,0,95,0,0,0,0,9,1,9,0,81,0,0,0,0,0,0,0,0,0,0,0,0,14,
26/08/2021,14:40:44,53,228,0,0,253,18,0,4,0,149,0,0,0,12,1,0,1,0,1,103,129,0,2,0,1,254,1,20,103,16,0,95,0,0,0,0,9,1,9,0,81,0,0,0,0,0,0,0,0,0,0,0,0,15,
26/08/2021,14:40:51,53,228,0,0,253,18,0,4,0,149,0,0,0,12,1,0,1,0,1,103,129,0,2,0,1,254,1,20,103,16,0,95,0,0,0,0,9,1,9,0,81,0,0,0,0,0,0,0,0,0,0,0,0,16,
26/08/2021,14:40:57,53,228,0,0,253,18,0,4,0,149,0,0,0,12,1,0,1,0,1,103,129,0,2,0,1,254,1,20,103,16,0,95,0,0,0,0,9,1,9,0,81,0,0,0,0,0,0,0,0,0,0,0,0,17,
26/08/2021,14:41:03,53,228,0,0,253,18,0,4,0,149,0,0,0,12,1,0,1,0,1,103,129,0,2,0,1,254,1,20,103,16,0,95,0,0,0,0,9,1,9,0,81,0,0,0,0,0,0,0,0,0,0,0,0,18,
26/08/2021,14:41:09,53,228,0,0,253,18,0,4,0,149,0,0,0,12,1,0,1,0,1,103,129,0,2,0,1,254,1,20,103,16,0,95,0,0,0,0,9,1,9,0,81,0,0,0,0,0,0,0,0,0,0,0,0,19,
26/08/2021,14:41:16,53,228,0,0,253,18,0,4,0,149,0,0,0,12,1,0,1,0,1,103,129,0,2,0,1,254,1,20,103,16,0,95,0,0,0,0,9,1,9,0,81,0,0,0,0,0,0,0,0,0,0,0,0,20,
26/08/2021,14:41:22,53,228,0,0,253,18,0,4,0,149,0,0,0,12,1,0,1,0,1,103,129,0,2,0,1,254,1,20,103,16,0,95,0,0,0,0,9,1,9,0,81,0,0,0,0,0,0,0,0,0,0,0,0,21,
26/08/2021,14:41:28,53,228,0,0,253,18,0,4,0,149,0,0,0,12,1,0,1,0,1,103,129,0,2,0,1,254,1,20,103,16,0,95,0,0,0,0,9,1,9,0,81,0,0,0,0,0,0,0,0,0,0,0,0,22,
26/08/2021,14:41:34,53,228,0,0,253,18,0,4,0,149,0,0,0,12,1,0,1,0,1,103,129,0,2,0,1,254,1,20,103,16,0,95,0,0,0,0,9,1,9,0,81,0,0,0,0,0,0,0,0,0,0,0,0,23,
26/08/2021,14:41:41,53,228,0,0,253,18,0,4,0,149,0,0,0,12,1,0,1,0,1,103,129,0,2,0,1,254,1,20,103,16,0,95,0,0,0,0,9,1,9,0,81,0,0,0,0,0,0,0,0,0,0,0,0,8,
26/08/2021,14:41:47,53,228,0,0,253,18,0,4,0,149,0,0,0,12,1,0,1,0,1,103,129,0,2,0,1,254,1,20,103,16,0,95,0,0,0,0,9,1,9,0,81,0,0,0,0,0,0,0,0,0,0,0,0,9,
26/08/2021,14:41:53,53,228,0,0,253,18,0,4,0,149,0,0,0,12,1,0,1,0,1,103,129,0,2,0,1,254,1,20,103,16,0,95,0,0,0,0,9,1,9,0,81,0,0,0,0,0,0,0,0,0,0,0,0,10,
26/08/2021,14:41:59,53,228,0,0,253,18,0,4,0,149,0,0,0,12,1,0,1,0,1,103,129,0,2,0,1,254,1,20,103,16,0,95,0,0,0,0,9,1,9,0,81,0,0,0,0,0,0,0,0,0,0,0,0,11,
26/08/2021,14:42:06,53,228,0,0,253,18,0,4,0,149,0,0,0,12,1,0,1,0,1,103,129,0,2,0,1,254,1,20,103,16,0,95,0,0,0,0,9,1,9,0,81,0,0,0,0,0,0,0,0,0,0,0,0,12,
26/08/2021,14:42:12,53,228,0,0,253,18,0,4,0,149,0,0,0,12,1,0,1,0,1,103,129,0,2,0,1,254,1,20,103,16,0,95,0,0,0,0,9,1,9,0,81,0,0,0,0,0,0,0,0,0,0,0,0,13,
26/08/2021,14:42:18,53,228,0,0,253,18,0,4,0,149,0,0,0,12,1,0,1,0,1,103,129,0,2,0,1,254,1,20,103,16,0,95,0,0,0,0,9,1,9,0,81,0,0,0,0,0,0,0,0,0,0,0,0,14,
26/08/2021,14:42:24,53,228,0,0,253,18,0,4,0,149,0,0,0,12,1,0,1,0,1,103,129,0,2,0,1,254,1,20,103,16,0,95,0,0,0,0,9,1,9,0,81,0,0,0,0,0,0,0,0,0,0,0,0,15,
26/08/2021,14:42:30,53,228,0,0,253,18,0,4,0,149,0,0,0,12,1,0,1,0,1,103,129,0,2,0,1,254,1,20,103,16,0,95,0,0,0,0,9,1,9,0,81,0,0,0,0,0,0,0,0,0,0,0,0,16,
26/08/2021,14:42:37,53,228,0,0,253,18,0,4,0,149,0,0,0,12,1,0,1,0,1,103,129,0,2,0,1,254,1,20,103,16,0,95,0,0,0,0,9,1,9,0,81,0,0,0,0,0,0,0,0,0,0,0,0,17,
26/08/2021,14:42:43,53,228,0,0,253,18,0,4,0,149,0,0,0,12,1,0,1,0,1,103,129,0,2,0,1,254,1,20,103,16,0,95,0,0,0,0,9,1,9,0,81,0,0,0,0,0,0,0,0,0,0,0,0,18,
26/08/2021,14:42:49,53,228,0,0,253,18,0,4,0,149,0,0,0,12,1,0,1,0,1,103,129,0,2,0,1,254,1,20,103,16,0,95,0,0,0,0,9,1,9,0,81,0,0,0,0,0,0,0,0,0,0,0,0,19,
26/08/2021,14:42:55,53,228,0,0,253,18,0,4,0,149,0,0,0,12,1,0,1,0,1,103,129,0,2,0,1,254,1,20,103,16,0,95,0,0,0,0,9,1,9,0,81,0,0,0,0,0,0,0,0,0,0,0,0,20,
26/08/2021,14:43:02,53,228,0,0,253,18,0,4,0,149,0,0,0,12,1,0,1,0,1,103,129,0,2,0,1,254,1,20,103,16,0,95,0,0,0,0,9,1,9,0,81,0,0,0,0,0,0,0,0,0,0,0,0,21,
26/08/2021,14:43:08,53,228,0,0,253,18,0,4,0,149,0,0,0,12,1,0,1,0,1,103,129,0,2,0,1,254,1,20,103,16,0,95,0,0,0,0,9,1,9,0,81,0,0,0,0,0,0,0,0,0,0,0,0,22,
26/08/2021,14:43:14,53,228,0,0,253,18,0,4,0,149,0,0,0,12,1,0,1,0,1,103,129,0,2,0,1,254,1,20,103,16,0,95,0,0,0,0,9,1,9,0,81,0,0,0,0,0,0,0,0,0,0,0,0,23,
26/08/2021,14:43:20,53,228,0,0,253,18,0,4,0,149,0,0,0,12,1,0,1,0,1,103,129,0,2,0,1,254,1,20,103,16,0,95,0,0,0,0,9,1,9,0,81,0,0,0,0,0,0,0,0,0,0,0,0,8,
26/08/2021,14:43:27,53,228,0,0,253,18,0,4,0,149,0,0,0,12,1,0,1,0,1,103,129,0,2,0,1,254,1,20,103,16,0,95,0,0,0,0,9,1,9,0,81,0,0,0,0,0,0,0,0,0,0,0,0,9,
26/08/2021,14:43:33,53,228,0,0,253,18,0,4,0,149,0,0,0,12,1,0,1,0,1,103,129,0,2,0,1,254,1,20,103,16,0,95,0,0,0,0,9,1,9,0,81,0,0,0,0,0,0,0,0,0,0,0,0,10,
26/08/2021,14:43:39,53,228,0,0,253,18,0,4,0,149,0,0,0,12,1,0,1,0,1,103,129,0,2,0,1,254,1,20,103,16,0,95,0,0,0,0,9,1,9,0,81,0,0,0,0,0,0,0,0,0,0,0,0,11,
26/08/2021,14:43:45,53,228,0,0,253,18,0,4,0,149,0,0,0,12,1,0,1,0,1,103,129,0,2,0,1,254,1,20,103,16,0,95,0,0,0,0,9,1,9,0,81,0,0,0,0,0,0,0,0,0,0,0,0,12,
26/08/2021,14:43:52,53,228,0,0,253,18,0,4,0,149,0,0,0,12,1,0,1,0,1,103,129,0,2,0,1,254,1,20,103,16,0,95,0,0,0,0,9,1,9,0,81,0,0,0,0,0,0,0,0,0,0,0,0,13,
26/08/2021,14:43:58,53,228,0,0,253,18,0,4,0,149,0,0,0,12,1,0,1,0,1,103,129,0,2,0,1,254,1,20,103,16,0,95,0,0,0,0,9,1,9,0,81,0,0,0,0,0,0,0,0,0,0,0,0,14,
26/08/2021,14:44:04,53,228,0,0,253,18,0,4,0,149,0,0,0,12,1,0,1,0,1,103,129,0,2,0,1,254,1,20,103,16,0,95,0,0,0,0,9,1,9,0,81,0,0,0,0,0,0,0,0,0,0,0,0,15,
26/08/2021,14:44:10,53,228,0,0,253,18,0,4,0,149,0,0,0,12,1,0,1,0,1,103,129,0,2,0,1,254,1,20,103,16,0,95,0,0,0,0,9,1,9,0,81,0,0,0,0,0,0,0,0,0,0,0,0,16,
26/08/2021,14:44:17,53,228,0,0,253,18,0,4,0,149,0,0,0,12,1,0,1,0,1,103,129,0,2,0,1,254,1,20,103,16,0,95,0,0,0,0,9,1,9,0,81,0,0,0,0,0,0,0,0,0,0,0,0,17,
26/08/2021,14:44:23,53,228,0,0,253,18,0,4,0,149,0,0,0,12,1,0,1,0,1,103,129,0,2,0,1,254,1,20,103,16,0,95,0,0,0,0,9,1,9,0,81,0,0,0,0,0,0,0,0,0,0,0,0,18,
26/08/2021,14:44:29,53,228,0,0,253,18,0,4,0,149,0,0,0,12,1,0,1,0,1,103,129,0,2,0,1,254,1,20,103,16,0,95,0,0,0,0,9,1,9,0,81,0,0,0,0,0,0,0,0,0,0,0,0,19,
26/08/2021,14:44:35,53,228,0,0,253,18,0,4,0,149,0,0,0,12,1,0,1,0,1,103,129,0,2,0,1,254,1,20,103,16,0,95,0,0,0,0,9,1,9,0,81,0,0,0,0,0,0,0,0,0,0,0,0,20,
26/08/2021,14:44:42,53,228,0,0,253,18,0,4,0,149,0,0,0,12,1,0,1,0,1,103,129,0,2,0,1,254,1,20,103,16,0,95,0,0,0,0,9,1,9,0,81,0,0,0,0,0,0,0,0,0,0,0,0,21,
26/08/2021,14:44:48,53,228,0,0,253,18,0,4,0,149,0,0,0,12,1,0,1,0,1,103,129,0,2,0,1,254,1,20,103,16,0,95,0,0,0,0,9,1,9,0,81,0,0,0,0,0,0,0,0,0,0,0,0,22,
26/08/2021,14:44:54,53,228,0,0,253,18,0,4,0,149,0,0,0,12,1,0,1,0,1,103,129,0,2,0,1,254,1,20,103,16,0,95,0,0,0,0,9,1,9,0,81,0,0,0,0,0,0,0,0,0,0,0,0,23,
26/08/2021,14:45:00,53,228,0,0,253,18,0,4,0,149,0,0,0,12,1,0,1,0,1,103,129,0,2,0,1,254,1,20,103,16,0,95,0,0,0,0,9,1,9,0,81,0,0,0,0,0,0,0,0,0,0,0,0,8,
26/08/2021,14:45:07,53,228,0,0,253,18,0,4,0,149,0,0,0,12,1,0,1,0,1,103,129,0,2,0,1,254,1,20,103,16,0,95,0,0,0,0,9,1,9,0,81,0,0,0,0,0,0,0,0,0,0,0,0,9,
26/08/2021,14:45:13,53,228,0,0,253,18,0,4,0,149,0,0,0,12,1,0,1,0,1,103,129,0,2,0,1,254,1,20,103,16,0,95,0,0,0,0,9,1,9,0,81,0,0,0,0,0,0,0,0,0,0,0,0,10,
26/08/2021,14:45:19,53,228,0,0,253,18,0,4,0,149,0,0,0,12,1,0,1,0,1,103,129,0,2,0,1,254,1,20,103,16,0,95,0,0,0,0,9,1,9,0,81,0,0,0,0,0,0,0,0,0,0,0,0,11,
26/08/2021,14:45:25,53,228,0,0,253,18,0,4,0,149,0,0,0,12,1,0,1,0,1,103,129,0,2,0,1,254,1,20,103,16,0,95,0,0,0,0,9,1,9,0,81,0,0,0,0,0,0,0,0,0,0,0,0,12,
26/08/2021,14:45:31,53,228,0,0,253,18,0,4,0,149,0,0,0,12,1,0,1,0,1,103,129,0,2,0,1,254,1,20,103,16,0,95,0,0,0,0,9,1,9,0,81,0,0,0,0,0,0,0,0,0,0,0,0,13,
26/08/2021,14:45:37,53,228,0,0,253,18,0,4,0,149,0,0,0,12,1,0,1,0,1,103,129,0,2,0,1,254,1,20,103,16,0,95,0,0,0,0,9,1,9,0,81,0,0,0,0,0,0,0,0,0,0,0,0,14,
26/08/2021,14:45:43,53,228,0,0,253,18,0,4,0,149,0,0,0,12,1,0,1,0,1,103,129,0,2,0,1,254,1,20,103,16,0,95,0,0,0,0,9,1,9,0,81,0,0,0,0,0,0,0,0,0,0,0,0,15,
26/08/2021,14:45:49,53,228,0,0,253,18,0,4,0,149,0,0,0,12,1,0,1,0,1,103,129,0,2,0,1,254,1,20,103,16,0,95,0,0,0,0,9,1,9,0,81,0,0,0,0,0,0,0,0,0,0,0,0,16,
26/08/2021,14:45:55,53,228,0,0,253,18,0,4,0,149,0,0,0,12,1,0,1,0,1,103,129,0,2,0,1,254,1,20,103,16,0,95,0,0,0,0,9,1,9,0,81,0,0,0,0,0,0,0,0,0,0,0,0,17,
26/08/2021,14:46:01,53,228,0,0,253,18,0,4,0,149,0,0,0,12,1,0,1,0,1,103,129,0,2,0,1,254,1,20,103,16,0,95,0,0,0,0,9,1,9,0,81,0,0,0,0,0,0,0,0,0,0,0,0,18,
26/08/2021,14:46:07,53,228,0,0,253,18,0,4,0,149,0,0,0,12,1,0,1,0,1,103,129,0,2,0,1,254,1,20,103,16,0,95,0,0,0,0,9,1,9,0,81,0,0,0,0,0,0,0,0,0,0,0,0,19,
26/08/2021,14:46:13,53,228,0,0,253,18,0,4,0,149,0,0,0,12,1,0,1,0,1,103,129,0,2,0,1,254,1,20,103,16,0,95,0,0,0,0,9,1,9,0,81,0,0,0,0,0,0,0,0,0,0,0,0,20,
26/08/2021,14:46:19,53,228,0,0,253,18,0,4,0,149,0,0,0,12,1,0,1,0,1,103,129,0,2,0,1,254,1,20,103,16,0,95,0,0,0,0,9,1,9,0,81,0,0,0,0,0,0,0,0,0,0,0,0,21,
26/08/2021,14:46:25,53,228,0,0,253,18,0,4,0,149,0,0,0,12,1,0,1,0,1,103,129,0,2,0,1,254,1,20,103,16,0,95,0,0,0,0,9,1,9,0,81,0,0,0,0,0,0,0,0,0,0,0,0,22,
26/08/2021,14:46:31,53,228,0,0,253,18,0,4,0,149,0,0,0,12,1,0,1,0,1,103,129,0,2,0,1,254,1,20,103,16,0,95,0,0,0,0,9,1,9,0,81,0,0,0,0,0,0,0,0,0,0,0,0,23,
26/08/2021,14:46:37,53,228,0,0,253,18,0,4,0,149,0,0,0,12,1,0,1,0,1,103,129,0,2,0,1,254,1,20,103,16,0,95,0,0,0,0,9,1,9,0,81,0,0,0,0,0,0,0,0,0,0,0,0,8,
26/08/2021,14:46:43,53,228,0,0,253,18,0,4,0,149,0,0,0,12,1,0,1,0,1,103,129,0,2,0,1,254,1,20,103,16,0,95,0,0,0,0,9,1,9,0,81,0,0,0,0,0,0,0,0,0,0,0,0,9,
26/08/2021,14:46:49,53,228,0,0,253,18,0,4,0,149,0,0,0,12,1,0,1,0,1,103,129,0,2,0,1,254,1,20,103,16,0,95,0,0,0,0,9,1,9,0,81,0,0,0,0,0,0,0,0,0,0,0,0,10,
26/08/2021,14:46:55,53,228,0,0,253,18,0,4,0,149,0,0,0,12,1,0,1,0,1,103,129,0,2,0,1,254,1,20,103,16,0,95,0,0,0,0,9,1,9,0,81,0,0,0,0,0,0,0,0,0,0,0,0,11,
26/08/2021,14:47:02,53,228,0,0,253,18,0,4,0,149,0,0,0,12,1,0,1,0,1,103,129,0,2,0,1,254,1,20,103,16,0,95,0,0,0,0,9,1,9,0,81,0,0,0,0,0,0,0,0,0,0,0,0,12,
26/08/2021,14:47:08,53,228,0,0,253,18,0,4,0,149,0,0,0,12,1,0,1,0,1,103,129,0,2,0,1,254,1,20,103,16,0,95,0,0,0,0,9,1,9,0,81,0,0,0,0,0,0,0,0,0,0,0,0,13,
26/08/2021,14:47:14,53,228,0,0,253,18,0,4,0,149,0,0,0,12,1,0,1,0,1,103,129,0,2,0,1,254,1,20,103,16,0,95,0,0,0,0,9,1,9,0,81,0,0,0,0,0,0,0,0,0,0,0,0,14,
26/08/2021,14:47:20,53,228,0,0,253,18,0,4,0,149,0,0,0,12,1,0,1,0,1,103,129,0,2,0,1,254,1,20,103,16,0,95,0,0,0,0,9,1,9,0,81,0,0,0,0,0,0,0,0,0,0,0,0,15,
26/08/2021,14:47:26,53,228,0,0,253,18,0,4,0,149,0,0,0,12,1,0,1,0,1,103,129,0,2,0,1,254,1,20,103,16,0,95,0,0,0,0,9,1,9,0,81,0,0,0,0,0,0,0,0,0,0,0,0,16,
26/08/2021,14:47:32,53,228,0,0,253,18,0,4,0,149,0,0,0,12,1,0,1,0,1,103,129,0,2,0,1,254,1,20,103,16,0,95,0,0,0,0,9,1,9,0,81,0,0,0,0,0,0,0,0,0,0,0,0,17,
26/08/2021,14:47:38,53,228,0,0,253,18,0,4,0,149,0,0,0,12,1,0,1,0,1,103,129,0,2,0,1,254,1,20,103,16,0,95,0,0,0,0,9,1,9,0,81,0,0,0,0,0,0,0,0,0,0,0,0,18,
26/08/2021,14:47:44,53,228,0,0,253,18,0,4,0,149,0,0,0,12,1,0,1,0,1,103,129,0,2,0,1,254,1,20,103,16,0,95,0,0,0,0,9,1,9,0,81,0,0,0,0,0,0,0,0,0,0,0,0,19,
26/08/2021,14:47:50,53,228,0,0,253,18,0,4,0,149,0,0,0,12,1,0,1,0,1,103,129,0,2,0,1,254,1,20,103,16,0,95,0,0,0,0,9,1,9,0,81,0,0,0,0,0,0,0,0,0,0,0,0,20,
26/08/2021,14:47:56,53,228,0,0,253,18,0,4,0,149,0,0,0,12,1,0,1,0,1,103,129,0,2,0,1,254,1,20,103,16,0,95,0,0,0,0,9,1,9,0,81,0,0,0,0,0,0,0,0,0,0,0,0,21,
26/08/2021,14:48:02,53,228,0,0,253,18,0,4,0,149,0,0,0,12,1,0,1,0,1,103,129,0,2,0,1,254,1,20,103,16,0,95,0,0,0,0,9,1,9,0,81,0,0,0,0,0,0,0,0,0,0,0,0,22,
26/08/2021,14:48:08,53,228,0,0,253,18,0,4,0,149,0,0,0,12,1,0,1,0,1,103,129,0,2,0,1,254,1,20,103,16,0,95,0,0,0,0,9,1,9,0,81,0,0,0,0,0,0,0,0,0,0,0,0,23,
26/08/2021,14:48:14,53,228,0,0,253,18,0,4,0,149,0,0,0,12,1,0,1,0,1,103,129,0,2,0,1,254,1,20,103,16,0,95,0,0,0,0,9,1,9,0,81,0,0,0,0,0,0,0,0,0,0,0,0,8,
26/08/2021,14:48:20,53,228,0,0,253,18,0,4,0,149,0,0,0,12,1,0,1,0,1,103,129,0,2,0,1,254,1,20,103,16,0,95,0,0,0,0,9,1,9,0,81,0,0,0,0,0,0,0,0,0,0,0,0,9,
26/08/2021,14:48:26,53,228,0,0,253,18,0,4,0,149,0,0,0,12,1,0,1,0,1,103,129,0,2,0,1,254,1,20,103,16,0,95,0,0,0,0,9,1,9,0,81,0,0,0,0,0,0,0,0,0,0,0,0,10,
26/08/2021,14:48:32,53,228,0,0,253,18,0,4,0,149,0,0,0,12,1,0,1,0,1,103,129,0,2,0,1,254,1,20,103,16,0,95,0,0,0,0,9,1,9,0,81,0,0,0,0,0,0,0,0,0,0,0,0,11,
26/08/2021,14:48:38,53,228,0,0,253,18,0,4,0,149,0,0,0,12,1,0,1,0,1,103,129,0,2,0,1,254,1,20,103,16,0,95,0,0,0,0,9,1,9,0,81,0,0,0,0,0,0,0,0,0,0,0,0,12,
26/08/2021,14:48:44,53,228,0,0,253,18,0,4,0,149,0,0,0,12,1,0,1,0,1,103,129,0,2,0,1,254,1,20,103,16,0,95,0,0,0,0,9,1,9,0,81,0,0,0,0,0,0,0,0,0,0,0,0,13,
26/08/2021,14:48:50,53,228,0,0,253,18,0,4,0,149,0,0,0,12,1,0,1,0,1,103,129,0,2,0,1,254,1,20,103,16,0,95,0,0,0,0,9,1,9,0,81,0,0,0,0,0,0,0,0,0,0,0,0,14,
26/08/2021,14:48:56,53,228,0,0,253,18,0,4,0,149,0,0,0,12,1,0,1,0,1,103,129,0,2,0,1,254,1,20,103,16,0,95,0,0,0,0,9,1,9,0,81,0,0,0,0,0,0,0,0,0,0,0,0,15,
26/08/2021,14:49:02,53,228,0,0,253,18,0,4,0,149,0,0,0,12,1,0,1,0,1,103,129,0,2,0,1,254,1,20,103,16,0,95,0,0,0,0,9,1,9,0,81,0,0,0,0,0,0,0,0,0,0,0,0,16,
26/08/2021,14:49:09,53,228,0,0,253,18,0,4,0,149,0,0,0,12,1,0,1,0,1,103,129,0,2,0,1,254,1,20,103,16,0,95,0,0,0,0,9,1,9,0,81,0,0,0,0,0,0,0,0,0,0,0,0,17,
26/08/2021,14:49:15,53,228,0,0,253,18,0,4,0,149,0,0,0,12,1,0,1,0,1,103,129,0,2,0,1,254,1,20,103,16,0,95,0,0,0,0,9,1,9,0,81,0,0,0,0,0,0,0,0,0,0,0,0,18,
26/08/2021,14:49:21,53,228,0,0,253,18,0,4,0,149,0,0,0,12,1,0,1,0,1,103,129,0,2,0,1,254,1,20,103,16,0,95,0,0,0,0,9,1,9,0,81,0,0,0,0,0,0,0,0,0,0,0,0,19,
26/08/2021,14:49:27,53,228,0,0,253,18,0,4,0,149,0,0,0,12,1,0,1,0,1,103,129,0,2,0,1,254,1,20,103,16,0,95,0,0,0,0,9,1,9,0,81,0,0,0,0,0,0,0,0,0,0,0,0,20,
26/08/2021,14:49:33,53,228,0,0,253,18,0,4,0,149,0,0,0,12,1,0,1,0,1,103,129,0,2,0,1,254,1,20,103,16,0,95,0,0,0,0,9,1,9,0,81,0,0,0,0,0,0,0,0,0,0,0,0,21,
26/08/2021,14:49:39,53,228,0,0,253,18,0,4,0,149,0,0,0,12,1,0,1,0,1,103,129,0,2,0,1,254,1,20,103,16,0,95,0,0,0,0,9,1,9,0,81,0,0,0,0,0,0,0,0,0,0,0,0,22,
26/08/2021,14:49:45,53,228,0,0,253,18,0,4,0,149,0,0,0,12,1,0,1,0,1,103,129,0,2,0,1,254,1,20,103,16,0,95,0,0,0,0,9,1,9,0,81,0,0,0,0,0,0,0,0,0,0,0,0,23,
26/08/2021,14:49:51,53,228,0,0,253,18,0,4,0,149,0,0,0,12,1,0,1,0,1,103,129,0,2,0,1,254,1,20,103,16,0,95,0,0,0,0,9,1,9,0,81,0,0,0,0,0,0,0,0,0,0,0,0,8,
26/08/2021,14:49:57,53,228,0,0,253,18,0,4,0,149,0,0,0,12,1,0,1,0,1,103,129,0,2,0,1,254,1,20,103,16,0,95,0,0,0,0,9,1,9,0,81,0,0,0,0,0,0,0,0,0,0,0,0,9,
26/08/2021,14:50:03,53,228,0,0,253,18,0,4,0,149,0,0,0,12,1,0,1,0,1,103,129,0,2,0,1,254,1,20,103,16,0,95,0,0,0,0,9,1,9,0,81,0,0,0,0,0,0,0,0,0,0,0,0,10,
26/08/2021,14:50:09,53,228,0,0,253,18,0,4,0,149,0,0,0,12,1,0,1,0,1,103,129,0,2,0,1,254,1,20,103,16,0,95,0,0,0,0,9,1,9,0,81,0,0,0,0,0,0,0,0,0,0,0,0,11,
26/08/2021,14:50:15,53,228,0,0,253,18,0,4,0,149,0,0,0,12,1,0,1,0,1,103,129,0,2,0,1,254,1,20,103,16,0,95,0,0,0,0,9,1,9,0,81,0,0,0,0,0,0,0,0,0,0,0,0,12,
26/08/2021,14:50:21,53,228,0,0,253,18,0,4,0,149,0,0,0,12,1,0,1,0,1,103,129,0,2,0,1,254,1,20,103,16,0,95,0,0,0,0,9,1,9,0,81,0,0,0,0,0,0,0,0,0,0,0,0,13,
26/08/2021,14:50:27,53,228,0,0,253,18,0,4,0,149,0,0,0,12,1,0,1,0,1,103,129,0,2,0,1,254,1,20,103,16,0,95,0,0,0,0,9,1,9,0,81,0,0,0,0,0,0,0,0,0,0,0,0,14,
26/08/2021,14:50:33,53,228,0,0,253,18,0,4,0,149,0,0,0,12,1,0,1,0,1,103,129,0,2,0,1,254,1,20,103,16,0,95,0,0,0,0,9,1,9,0,81,0,0,0,0,0,0,0,0,0,0,0,0,15,
26/08/2021,14:50:39,53,228,0,0,253,18,0,4,0,149,0,0,0,12,1,0,1,0,1,103,129,0,2,0,1,254,1,20,103,16,0,95,0,0,0,0,9,1,9,0,81,0,0,0,0,0,0,0,0,0,0,0,0,16,
26/08/2021,14:50:45,53,228,0,0,253,18,0,4,0,149,0,0,0,12,1,0,1,0,1,103,129,0,2,0,1,254,1,20,103,16,0,95,0,0,0,0,9,1,9,0,81,0,0,0,0,0,0,0,0,0,0,0,0,17,
26/08/2021,14:50:51,53,228,0,0,253,18,0,4,0,149,0,0,0,12,1,0,1,0,1,103,129,0,2,0,1,254,1,20,103,16,0,95,0,0,0,0,9,1,9,0,81,0,0,0,0,0,0,0,0,0,0,0,0,18,
26/08/2021,14:50:57,53,228,0,0,253,18,0,4,0,149,0,0,0,12,1,0,1,0,1,103,129,0,2,0,1,254,1,20,103,16,0,95,0,0,0,0,9,1,9,0,81,0,0,0,0,0,0,0,0,0,0,0,0,19,
26/08/2021,14:51:03,53,228,0,0,253,18,0,4,0,149,0,0,0,12,1,0,1,0,1,103,129,0,2,0,1,254,1,20,103,16,0,95,0,0,0,0,9,1,9,0,81,0,0,0,0,0,0,0,0,0,0,0,0,20,
26/08/2021,14:51:10,53,228,0,0,253,18,0,4,0,149,0,0,0,12,1,0,1,0,1,103,129,0,2,0,1,254,1,20,103,16,0,95,0,0,0,0,9,1,9,0,81,0,0,0,0,0,0,0,0,0,0,0,0,21,
26/08/2021,14:51:16,53,228,0,0,253,18,0,4,0,149,0,0,0,12,1,0,1,0,1,103,129,0,2,0,1,254,1,20,103,16,0,95,0,0,0,0,9,1,9,0,81,0,0,0,0,0,0,0,0,0,0,0,0,22,
26/08/2021,14:51:22,53,228,0,0,253,18,0,4,0,149,0,0,0,12,1,0,1,0,1,103,129,0,2,0,1,254,1,20,103,16,0,95,0,0,0,0,9,1,9,0,81,0,0,0,0,0,0,0,0,0,0,0,0,23,
26/08/2021,14:51:28,53,228,0,0,253,18,0,4,0,149,0,0,0,12,1,0,1,0,1,103,129,0,2,0,1,254,1,20,103,16,0,95,0,0,0,0,9,1,9,0,81,0,0,0,0,0,0,0,0,0,0,0,0,8,
26/08/2021,14:51:34,53,228,0,0,253,18,0,4,0,149,0,0,0,12,1,0,1,0,1,103,129,0,2,0,1,254,1,20,103,16,0,95,0,0,0,0,9,1,9,0,81,0,0,0,0,0,0,0,0,0,0,0,0,9,
26/08/2021,14:51:40,53,228,0,0,253,18,0,4,0,149,0,0,0,12,1,0,1,0,1,103,129,0,2,0,1,254,1,20,103,16,0,95,0,0,0,0,9,1,9,0,81,0,0,0,0,0,0,0,0,0,0,0,0,10,
26/08/2021,14:51:46,53,228,0,0,253,18,0,4,0,149,0,0,0,12,1,0,1,0,1,103,129,0,2,0,1,254,1,20,103,16,0,95,0,0,0,0,9,1,9,0,81,0,0,0,0,0,0,0,0,0,0,0,0,11,
26/08/2021,14:51:52,53,228,0,0,253,18,0,4,0,149,0,0,0,12,1,0,1,0,1,103,129,0,2,0,1,254,1,20,103,16,0,95,0,0,0,0,9,1,9,0,81,0,0,0,0,0,0,0,0,0,0,0,0,12,
26/08/2021,14:51:58,53,228,0,0,253,18,0,4,0,149,0,0,0,12,1,0,1,0,1,103,129,0,2,0,1,254,1,20,103,16,0,95,0,0,0,0,9,1,9,0,81,0,0,0,0,0,0,0,0,0,0,0,0,13,
26/08/2021,14:52:04,53,228,0,0,253,18,0,4,0,149,0,0,0,12,1,0,1,0,1,103,129,0,2,0,1,254,1,20,103,16,0,95,0,0,0,0,9,1,9,0,81,0,0,0,0,0,0,0,0,0,0,0,0,14,
26/08/2021,14:52:10,53,228,0,0,253,18,0,4,0,149,0,0,0,12,1,0,1,0,1,103,129,0,2,0,1,254,1,20,103,16,0,95,0,0,0,0,9,1,9,0,81,0,0,0,0,0,0,0,0,0,0,0,0,15,
26/08/2021,14:52:16,53,228,0,0,253,18,0,4,0,149,0,0,0,12,1,0,1,0,1,103,129,0,2,0,1,254,1,20,103,16,0,95,0,0,0,0,9,1,9,0,81,0,0,0,0,0,0,0,0,0,0,0,0,16,
26/08/2021,14:52:22,53,228,0,0,253,18,0,4,0,149,0,0,0,12,1,0,1,0,1,103,129,0,2,0,1,254,1,20,103,16,0,95,0,0,0,0,9,1,9,0,81,0,0,0,0,0,0,0,0,0,0,0,0,17,
26/08/2021,14:52:28,53,228,0,0,253,18,0,4,0,149,0,0,0,12,1,0,1,0,1,103,129,0,2,0,1,254,1,20,103,16,0,95,0,0,0,0,9,1,9,0,81,0,0,0,0,0,0,0,0,0,0,0,0,18,
26/08/2021,14:52:34,53,228,0,0,253,18,0,4,0,149,0,0,0,12,1,0,1,0,1,103,129,0,2,0,1,254,1,20,103,16,0,95,0,0,0,0,9,1,9,0,81,0,0,0,0,0,0,0,0,0,0,0,0,19,
26/08/2021,14:52:40,53,228,0,0,253,18,0,4,0,149,0,0,0,12,1,0,1,0,1,103,129,0,2,0,1,254,1,20,103,16,0,95,0,0,0,0,9,1,9,0,81,0,0,0,0,0,0,0,0,0,0,0,0,20,
26/08/2021,14:52:46,53,228,0,0,253,18,0,4,0,149,0,0,0,12,1,0,1,0,1,103,129,0,2,0,1,254,1,20,103,16,0,95,0,0,0,0,9,1,9,0,81,0,0,0,0,0,0,0,0,0,0,0,0,21,
26/08/2021,14:52:52,53,228,0,0,253,18,0,4,0,149,0,0,0,12,1,0,1,0,1,103,129,0,2,0,1,254,1,20,103,16,0,95,0,0,0,0,9,1,9,0,81,0,0,0,0,0,0,0,0,0,0,0,0,22,
26/08/2021,14:52:58,53,228,0,0,253,18,0,4,0,149,0,0,0,12,1,0,1,0,1,103,129,0,2,0,1,254,1,20,103,16,0,95,0,0,0,0,9,1,9,0,81,0,0,0,0,0,0,0,0,0,0,0,0,23,
26/08/2021,14:53:04,53,228,0,0,253,18,0,4,0,149,0,0,0,12,1,0,1,0,1,103,129,0,2,0,1,254,1,20,103,16,0,95,0,0,0,0,9,1,9,0,81,0,0,0,0,0,0,0,0,0,0,0,0,8,
26/08/2021,14:53:11,53,228,0,0,253,18,0,4,0,149,0,0,0,12,1,0,1,0,1,103,129,0,2,0,1,254,1,20,103,16,0,95,0,0,0,0,9,1,9,0,81,0,0,0,0,0,0,0,0,0,0,0,0,9,
26/08/2021,14:53:17,53,228,0,0,253,18,0,4,0,149,0,0,0,12,1,0,1,0,1,103,129,0,2,0,1,254,1,20,103,16,0,95,0,0,0,0,9,1,9,0,81,0,0,0,0,0,0,0,0,0,0,0,0,10,
26/08/2021,14:53:23,53,228,0,0,253,18,0,4,0,149,0,0,0,12,1,0,1,0,1,103,129,0,2,0,1,254,1,20,103,16,0,95,0,0,0,0,9,1,9,0,81,0,0,0,0,0,0,0,0,0,0,0,0,11,
26/08/2021,14:53:29,53,228,0,0,253,18,0,4,0,149,0,0,0,12,1,0,1,0,1,103,129,0,2,0,1,254,1,20,103,16,0,95,0,0,0,0,9,1,9,0,81,0,0,0,0,0,0,0,0,0,0,0,0,12,
26/08/2021,14:53:35,53,228,0,0,253,18,0,4,0,149,0,0,0,12,1,0,1,0,1,103,129,0,2,0,1,254,1,20,103,16,0,95,0,0,0,0,9,1,9,0,81,0,0,0,0,0,0,0,0,0,0,0,0,13,
26/08/2021,14:53:41,53,228,0,0,253,18,0,4,0,149,0,0,0,12,1,0,1,0,1,103,129,0,2,0,1,254,1,20,103,16,0,95,0,0,0,0,9,1,9,0,81,0,0,0,0,0,0,0,0,0,0,0,0,14,
26/08/2021,14:53:47,53,228,0,0,253,18,0,4,0,149,0,0,0,12,1,0,1,0,1,103,129,0,2,0,1,254,1,20,103,16,0,95,0,0,0,0,9,1,9,0,81,0,0,0,0,0,0,0,0,0,0,0,0,15,
26/08/2021,14:53:53,53,228,0,0,253,18,0,4,0,149,0,0,0,12,1,0,1,0,1,103,129,0,2,0,1,254,1,20,103,16,0,95,0,0,0,0,9,1,9,0,81,0,0,0,0,0,0,0,0,0,0,0,0,16,
26/08/2021,14:53:59,53,228,0,0,253,18,0,4,0,149,0,0,0,12,1,0,1,0,1,103,129,0,2,0,1,254,1,20,103,16,0,95,0,0,0,0,9,1,9,0,81,0,0,0,0,0,0,0,0,0,0,0,0,17,
26/08/2021,14:54:05,53,228,0,0,253,18,0,4,0,149,0,0,0,12,1,0,1,0,1,103,129,0,2,0,1,254,1,20,103,16,0,95,0,0,0,0,9,1,9,0,81,0,0,0,0,0,0,0,0,0,0,0,0,18,
26/08/2021,14:54:11,53,228,0,0,253,18,0,4,0,149,0,0,0,12,1,0,1,0,1,103,129,0,2,0,1,254,1,20,103,16,0,95,0,0,0,0,9,1,9,0,81,0,0,0,0,0,0,0,0,0,0,0,0,19,
26/08/2021,14:54:17,53,228,0,0,253,18,0,4,0,149,0,0,0,12,1,0,1,0,1,103,129,0,2,0,1,254,1,20,103,16,0,95,0,0,0,0,9,1,9,0,81,0,0,0,0,0,0,0,0,0,0,0,0,20,
26/08/2021,14:54:23,53,228,0,0,253,18,0,4,0,149,0,0,0,12,1,0,1,0,1,103,129,0,2,0,1,254,1,20,103,16,0,95,0,0,0,0,9,1,9,0,81,0,0,0,0,0,0,0,0,0,0,0,0,21,
26/08/2021,14:54:29,53,228,0,0,253,18,0,4,0,149,0,0,0,12,1,0,1,0,1,103,129,0,2,0,1,254,1,20,103,16,0,95,0,0,0,0,9,1,9,0,81,0,0,0,0,0,0,0,0,0,0,0,0,22,
26/08/2021,14:54:35,53,228,0,0,253,18,0,4,0,149,0,0,0,12,1,0,1,0,1,103,129,0,2,0,1,254,1,20,103,16,0,95,0,0,0,0,9,1,9,0,81,0,0,0,0,0,0,0,0,0,0,0,0,23,
26/08/2021,14:54:41,53,228,0,0,253,18,0,4,0,149,0,0,0,12,1,0,1,0,1,103,129,0,2,0,1,254,1,20,103,16,0,95,0,0,0,0,9,1,9,0,81,0,0,0,0,0,0,0,0,0,0,0,0,8,
26/08/2021,14:54:47,53,228,0,0,253,18,0,4,0,149,0,0,0,12,1,0,1,0,1,103,129,0,2,0,1,254,1,20,103,16,0,95,0,0,0,0,9,1,9,0,81,0,0,0,0,0,0,0,0,0,0,0,0,9,
26/08/2021,14:54:53,53,228,0,0,253,18,0,4,0,149,0,0,0,12,1,0,1,0,1,103,129,0,2,0,1,254,1,20,103,16,0,95,0,0,0,0,9,1,9,0,81,0,0,0,0,0,0,0,0,0,0,0,0,10,
26/08/2021,14:54:59,53,228,0,0,253,18,0,4,0,149,0,0,0,12,1,0,1,0,1,103,129,0,2,0,1,254,1,20,103,16,0,95,0,0,0,0,9,1,9,0,81,0,0,0,0,0,0,0,0,0,0,0,0,11,
26/08/2021,14:55:05,53,228,0,0,253,18,0,4,0,149,0,0,0,12,1,0,1,0,1,103,129,0,2,0,1,254,1,20,103,16,0,95,0,0,0,0,9,1,9,0,81,0,0,0,0,0,0,0,0,0,0,0,0,12,
26/08/2021,14:55:11,53,228,0,0,253,18,0,4,0,149,0,0,0,12,1,0,1,0,1,103,129,0,2,0,1,254,1,20,103,16,0,95,0,0,0,0,9,1,9,0,81,0,0,0,0,0,0,0,0,0,0,0,0,13,
26/08/2021,14:55:17,53,228,0,0,253,18,0,4,0,149,0,0,0,12,1,0,1,0,1,103,129,0,2,0,1,254,1,20,103,16,0,95,0,0,0,0,9,1,9,0,81,0,0,0,0,0,0,0,0,0,0,0,0,14,
26/08/2021,14:55:24,53,228,0,0,253,18,0,4,0,149,0,0,0,12,1,0,1,0,1,103,129,0,2,0,1,254,1,20,103,16,0,95,0,0,0,0,9,1,9,0,81,0,0,0,0,0,0,0,0,0,0,0,0,15,
26/08/2021,14:55:30,53,228,0,0,253,18,0,4,0,149,0,0,0,12,1,0,1,0,1,103,129,0,2,0,1,254,1,20,103,16,0,95,0,0,0,0,9,1,9,0,81,0,0,0,0,0,0,0,0,0,0,0,0,16,
26/08/2021,14:55:36,53,228,0,0,253,18,0,4,0,149,0,0,0,12,1,0,1,0,1,103,129,0,2,0,1,254,1,20,103,16,0,95,0,0,0,0,9,1,9,0,81,0,0,0,0,0,0,0,0,0,0,0,0,17,
26/08/2021,14:55:42,53,228,0,0,253,18,0,4,0,149,0,0,0,12,1,0,1,0,1,103,129,0,2,0,1,254,1,20,103,16,0,95,0,0,0,0,9,1,9,0,81,0,0,0,0,0,0,0,0,0,0,0,0,18,
26/08/2021,14:55:48,53,228,0,0,253,18,0,4,0,149,0,0,0,12,1,0,1,0,1,103,129,0,2,0,1,254,1,20,103,16,0,95,0,0,0,0,9,1,9,0,81,0,0,0,0,0,0,0,0,0,0,0,0,19,
26/08/2021,14:55:54,53,228,0,0,253,18,0,4,0,149,0,0,0,12,1,0,1,0,1,103,129,0,2,0,1,254,1,20,103,16,0,95,0,0,0,0,9,1,9,0,81,0,0,0,0,0,0,0,0,0,0,0,0,20,
26/08/2021,14:56:00,53,228,0,0,253,18,0,4,0,149,0,0,0,12,1,0,1,0,1,103,129,0,2,0,1,254,1,20,103,16,0,95,0,0,0,0,9,1,9,0,81,0,0,0,0,0,0,0,0,0,0,0,0,21,
26/08/2021,14:56:06,53,228,0,0,253,18,0,4,0,149,0,0,0,12,1,0,1,0,1,103,129,0,2,0,1,254,1,20,103,16,0,95,0,0,0,0,9,1,9,0,81,0,0,0,0,0,0,0,0,0,0,0,0,22,
26/08/2021,14:56:12,53,228,0,0,253,18,0,4,0,149,0,0,0,12,1,0,1,0,1,103,129,0,2,0,1,254,1,20,103,16,0,95,0,0,0,0,9,1,9,0,81,0,0,0,0,0,0,0,0,0,0,0,0,23,
26/08/2021,14:56:18,53,228,0,0,253,18,0,4,0,149,0,0,0,12,1,0,1,0,1,103,129,0,2,0,1,254,1,20,103,16,0,95,0,0,0,0,9,1,9,0,81,0,0,0,0,0,0,0,0,0,0,0,0,8,
26/08/2021,14:56:24,53,228,0,0,253,18,0,4,0,149,0,0,0,12,1,0,1,0,1,103,129,0,2,0,1,254,1,20,103,16,0,95,0,0,0,0,9,1,9,0,81,0,0,0,0,0,0,0,0,0,0,0,0,9,
26/08/2021,14:56:30,53,228,0,0,253,18,0,4,0,149,0,0,0,12,1,0,1,0,1,103,129,0,2,0,1,254,1,20,103,16,0,95,0,0,0,0,9,1,9,0,81,0,0,0,0,0,0,0,0,0,0,0,0,10,
26/08/2021,14:56:36,53,228,0,0,253,18,0,4,0,149,0,0,0,12,1,0,1,0,1,103,129,0,2,0,1,254,1,20,103,16,0,95,0,0,0,0,9,1,9,0,81,0,0,0,0,0,0,0,0,0,0,0,0,11,
26/08/2021,14:56:42,53,228,0,0,253,18,0,4,0,149,0,0,0,12,1,0,1,0,1,103,129,0,2,0,1,254,1,20,103,16,0,95,0,0,0,0,9,1,9,0,81,0,0,0,0,0,0,0,0,0,0,0,0,12,
26/08/2021,14:56:48,53,228,0,0,253,18,0,4,0,149,0,0,0,12,1,0,1,0,1,103,129,0,2,0,1,254,1,20,103,16,0,95,0,0,0,0,9,1,9,0,81,0,0,0,0,0,0,0,0,0,0,0,0,13,
26/08/2021,14:56:54,53,228,0,0,253,18,0,4,0,149,0,0,0,12,1,0,1,0,1,103,129,0,2,0,1,254,1,20,103,16,0,95,0,0,0,0,9,1,9,0,81,0,0,0,0,0,0,0,0,0,0,0,0,14,
26/08/2021,14:57:00,53,228,0,0,253,18,0,4,0,149,0,0,0,12,1,0,1,0,1,103,129,0,2,0,1,254,1,20,103,16,0,95,0,0,0,0,9,1,9,0,81,0,0,0,0,0,0,0,0,0,0,0,0,15,
26/08/2021,14:57:06,53,228,0,0,253,18,0,4,0,149,0,0,0,12,1,0,1,0,1,103,129,0,2,0,1,254,1,20,103,16,0,95,0,0,0,0,9,1,9,0,81,0,0,0,0,0,0,0,0,0,0,0,0,16,
26/08/2021,14:57:12,53,228,0,0,253,18,0,4,0,149,0,0,0,12,1,0,1,0,1,103,129,0,2,0,1,254,1,20,103,16,0,95,0,0,0,0,9,1,9,0,81,0,0,0,0,0,0,0,0,0,0,0,0,17,
26/08/2021,14:57:18,53,228,0,0,253,18,0,4,0,149,0,0,0,12,1,0,1,0,1,103,129,0,2,0,1,254,1,20,103,16,0,95,0,0,0,0,9,1,9,0,81,0,0,0,0,0,0,0,0,0,0,0,0,18,
26/08/2021,14:57:25,53,228,0,0,253,18,0,4,0,149,0,0,0,12,1,0,1,0,1,103,129,0,2,0,1,254,1,20,103,16,0,95,0,0,0,0,9,1,9,0,81,0,0,0,0,0,0,0,0,0,0,0,0,19,
26/08/2021,14:57:31,53,228,0,0,253,18,0,4,0,149,0,0,0,12,1,0,1,0,1,103,129,0,2,0,1,254,1,20,103,16,0,95,0,0,0,0,9,1,9,0,81,0,0,0,0,0,0,0,0,0,0,0,0,20,
26/08/2021,14:57:37,53,228,0,0,253,18,0,4,0,149,0,0,0,12,1,0,1,0,1,103,129,0,2,0,1,254,1,20,103,16,0,95,0,0,0,0,9,1,9,0,81,0,0,0,0,0,0,0,0,0,0,0,0,21,
26/08/2021,14:57:43,53,228,0,0,253,18,0,4,0,149,0,0,0,12,1,0,1,0,1,103,129,0,2,0,1,254,1,20,103,16,0,95,0,0,0,0,9,1,9,0,81,0,0,0,0,0,0,0,0,0,0,0,0,22,
26/08/2021,14:57:49,53,228,0,0,253,18,0,4,0,149,0,0,0,12,1,0,1,0,1,103,129,0,2,0,1,254,1,20,103,16,0,95,0,0,0,0,9,1,9,0,81,0,0,0,0,0,0,0,0,0,0,0,0,23,
26/08/2021,14:57:55,53,228,0,0,253,18,0,4,0,149,0,0,0,12,1,0,1,0,1,103,129,0,2,0,1,254,1,20,103,16,0,95,0,0,0,0,9,1,9,0,81,0,0,0,0,0,0,0,0,0,0,0,0,8,
26/08/2021,14:58:01,53,228,0,0,253,18,0,4,0,149,0,0,0,12,1,0,1,0,1,103,129,0,2,0,1,254,1,20,103,16,0,95,0,0,0,0,9,1,9,0,81,0,0,0,0,0,0,0,0,0,0,0,0,9,
26/08/2021,14:58:07,53,228,0,0,253,18,0,4,0,149,0,0,0,12,1,0,1,0,1,103,129,0,2,0,1,254,1,20,103,16,0,95,0,0,0,0,9,1,9,0,81,0,0,0,0,0,0,0,0,0,0,0,0,10,
26/08/2021,14:58:13,53,228,0,0,253,18,0,4,0,149,0,0,0,12,1,0,1,0,1,103,129,0,2,0,1,254,1,20,103,16,0,95,0,0,0,0,9,1,9,0,81,0,0,0,0,0,0,0,0,0,0,0,0,11,
26/08/2021,14:58:19,53,228,0,0,253,18,0,4,0,149,0,0,0,12,1,0,1,0,1,103,129,0,2,0,1,254,1,20,103,16,0,95,0,0,0,0,9,1,9,0,81,0,0,0,0,0,0,0,0,0,0,0,0,12,
26/08/2021,14:58:25,53,228,0,0,253,18,0,4,0,149,0,0,0,12,1,0,1,0,1,103,129,0,2,0,1,254,1,20,103,16,0,95,0,0,0,0,9,1,9,0,81,0,0,0,0,0,0,0,0,0,0,0,0,13,
26/08/2021,14:58:31,53,228,0,0,253,18,0,4,0,149,0,0,0,12,1,0,1,0,1,103,129,0,2,0,1,254,1,20,103,16,0,95,0,0,0,0,9,1,9,0,81,0,0,0,0,0,0,0,0,0,0,0,0,14,
26/08/2021,14:58:37,53,228,0,0,253,18,0,4,0,149,0,0,0,12,1,0,1,0,1,103,129,0,2,0,1,254,1,20,103,16,0,95,0,0,0,0,9,1,9,0,81,0,0,0,0,0,0,0,0,0,0,0,0,15,
26/08/2021,14:58:43,53,228,0,0,253,18,0,4,0,149,0,0,0,12,1,0,1,0,1,103,129,0,2,0,1,254,1,20,103,16,0,95,0,0,0,0,9,1,9,0,81,0,0,0,0,0,0,0,0,0,0,0,0,16,
26/08/2021,14:58:49,53,228,0,0,253,18,0,4,0,149,0,0,0,12,1,0,1,0,1,103,129,0,2,0,1,254,1,20,103,16,0,95,0,0,0,0,9,1,9,0,81,0,0,0,0,0,0,0,0,0,0,0,0,17,
26/08/2021,14:58:55,53,228,0,0,253,18,0,4,0,149,0,0,0,12,1,0,1,0,1,103,129,0,2,0,1,254,1,20,103,16,0,95,0,0,0,0,9,1,9,0,81,0,0,0,0,0,0,0,0,0,0,0,0,18,
26/08/2021,14:59:01,53,228,0,0,253,18,0,4,0,149,0,0,0,12,1,0,1,0,1,103,129,0,2,0,1,254,1,20,103,16,0,95,0,0,0,0,9,1,9,0,81,0,0,0,0,0,0,0,0,0,0,0,0,19,
26/08/2021,14:59:07,53,228,0,0,253,18,0,4,0,149,0,0,0,12,1,0,1,0,1,103,129,0,2,0,1,254,1,20,103,16,0,95,0,0,0,0,9,1,9,0,81,0,0,0,0,0,0,0,0,0,0,0,0,20,
26/08/2021,14:59:13,53,228,0,0,253,18,0,4,0,149,0,0,0,12,1,0,1,0,1,103,129,0,2,0,1,254,1,20,103,16,0,95,0,0,0,0,9,1,9,0,81,0,0,0,0,0,0,0,0,0,0,0,0,21,
26/08/2021,14:59:19,53,228,0,0,253,18,0,4,0,149,0,0,0,12,1,0,1,0,1,103,129,0,2,0,1,254,1,20,103,16,0,95,0,0,0,0,9,1,9,0,81,0,0,0,0,0,0,0,0,0,0,0,0,22,
26/08/2021,14:59:25,53,228,0,0,253,18,0,4,0,149,0,0,0,12,1,0,1,0,1,103,129,0,2,0,1,254,1,20,103,16,0,95,0,0,0,0,9,1,9,0,81,0,0,0,0,0,0,0,0,0,0,0,0,23,
26/08/2021,14:59:31,53,228,0,0,253,18,0,4,0,149,0,0,0,12,1,0,1,0,1,103,129,0,2,0,1,254,1,20,103,16,0,95,0,0,0,0,9,1,9,0,81,0,0,0,0,0,0,0,0,0,0,0,0,8,
26/08/2021,14:59:37,53,228,0,0,253,18,0,4,0,149,0,0,0,12,1,0,1,0,1,103,129,0,2,0,1,254,1,20,103,16,0,95,0,0,0,0,9,1,9,0,81,0,0,0,0,0,0,0,0,0,0,0,0,9,
26/08/2021,14:59:43,53,228,0,0,253,18,0,4,0,149,0,0,0,12,1,0,1,0,1,103,129,0,2,0,1,254,1,20,103,16,0,95,0,0,0,0,9,1,9,0,81,0,0,0,0,0,0,0,0,0,0,0,0,10,
26/08/2021,14:59:50,53,228,0,0,253,18,0,4,0,149,0,0,0,12,1,0,1,0,1,103,129,0,2,0,1,254,1,20,103,16,0,95,0,0,0,0,9,1,9,0,81,0,0,0,0,0,0,0,0,0,0,0,0,11,
26/08/2021,14:59:56,53,228,0,0,253,18,0,4,0,149,0,0,0,12,1,0,1,0,1,103,129,0,2,0,1,254,1,20,103,16,0,95,0,0,0,0,9,1,9,0,81,0,0,0,0,0,0,0,0,0,0,0,0,12,
26/08/2021,15:00:02,53,228,0,0,253,18,0,4,0,149,0,0,0,12,1,0,1,0,1,103,129,0,2,0,1,254,1,20,103,16,0,95,0,0,0,0,9,1,9,0,81,0,0,0,0,0,0,0,0,0,0,0,0,13,
26/08/2021,15:00:08,53,228,0,0,253,18,0,4,0,149,0,0,0,12,1,0,1,0,1,103,129,0,2,0,1,254,1,20,103,16,0,95,0,0,0,0,9,1,9,0,81,0,0,0,0,0,0,0,0,0,0,0,0,14,
26/08/2021,15:00:14,53,228,0,0,253,18,0,4,0,149,0,0,0,12,1,0,1,0,1,103,129,0,2,0,1,254,1,20,103,16,0,95,0,0,0,0,9,1,9,0,81,0,0,0,0,0,0,0,0,0,0,0,0,15,
26/08/2021,15:00:20,53,228,0,0,253,18,0,4,0,149,0,0,0,12,1,0,1,0,1,103,129,0,2,0,1,254,1,20,103,16,0,95,0,0,0,0,9,1,9,0,81,0,0,0,0,0,0,0,0,0,0,0,0,16,
26/08/2021,15:00:26,53,228,0,0,253,18,0,4,0,149,0,0,0,12,1,0,1,0,1,103,129,0,2,0,1,254,1,20,103,16,0,95,0,0,0,0,9,1,9,0,81,0,0,0,0,0,0,0,0,0,0,0,0,17,
26/08/2021,15:00:32,53,228,0,0,253,18,0,4,0,149,0,0,0,12,1,0,1,0,1,103,129,0,2,0,1,254,1,20,103,16,0,95,0,0,0,0,9,1,9,0,81,0,0,0,0,0,0,0,0,0,0,0,0,18,
26/08/2021,15:00:38,53,228,0,0,253,18,0,4,0,149,0,0,0,12,1,0,1,0,1,103,129,0,2,0,1,254,1,20,103,16,0,95,0,0,0,0,9,1,9,0,81,0,0,0,0,0,0,0,0,0,0,0,0,19,
26/08/2021,15:00:44,53,228,0,0,253,18,0,4,0,149,0,0,0,12,1,0,1,0,1,103,129,0,2,0,1,254,1,20,103,16,0,95,0,0,0,0,9,1,9,0,81,0,0,0,0,0,0,0,0,0,0,0,0,20,
26/08/2021,15:00:50,53,228,0,0,253,18,0,4,0,149,0,0,0,12,1,0,1,0,1,103,129,0,2,0,1,254,1,20,103,16,0,95,0,0,0,0,9,1,9,0,81,0,0,0,0,0,0,0,0,0,0,0,0,21,
26/08/2021,15:00:56,53,228,0,0,253,18,0,4,0,149,0,0,0,12,1,0,1,0,1,103,129,0,2,0,1,254,1,20,103,16,0,95,0,0,0,0,9,1,9,0,81,0,0,0,0,0,0,0,0,0,0,0,0,22,
26/08/2021,15:01:02,53,228,0,0,253,18,0,4,0,149,0,0,0,12,1,0,1,0,1,103,129,0,2,0,1,254,1,20,103,16,0,95,0,0,0,0,9,1,9,0,81,0,0,0,0,0,0,0,0,0,0,0,0,23,
26/08/2021,15:01:08,53,228,0,0,253,18,0,4,0,149,0,0,0,12,1,0,1,0,1,103,129,0,2,0,1,254,1,20,103,16,0,95,0,0,0,0,9,1,9,0,81,0,0,0,0,0,0,0,0,0,0,0,0,8,
26/08/2021,15:01:14,53,228,0,0,253,18,0,4,0,149,0,0,0,12,1,0,1,0,1,103,129,0,2,0,1,254,1,20,103,16,0,95,0,0,0,0,9,1,9,0,81,0,0,0,0,0,0,0,0,0,0,0,0,9,
26/08/2021,15:01:20,53,228,0,0,253,18,0,4,0,149,0,0,0,12,1,0,1,0,1,103,129,0,2,0,1,254,1,20,103,16,0,95,0,0,0,0,9,1,9,0,81,0,0,0,0,0,0,0,0,0,0,0,0,10,
26/08/2021,15:01:26,53,228,0,0,253,18,0,4,0,149,0,0,0,12,1,0,1,0,1,103,129,0,2,0,1,254,1,20,103,16,0,95,0,0,0,0,9,1,9,0,81,0,0,0,0,0,0,0,0,0,0,0,0,11,
26/08/2021,15:01:32,53,228,0,0,253,18,0,4,0,149,0,0,0,12,1,0,1,0,1,103,129,0,2,0,1,254,1,20,103,16,0,95,0,0,0,0,9,1,9,0,81,0,0,0,0,0,0,0,0,0,0,0,0,12,
26/08/2021,15:01:38,53,228,0,0,253,18,0,4,0,149,0,0,0,12,1,0,1,0,1,103,129,0,2,0,1,254,1,20,103,16,0,95,0,0,0,0,9,1,9,0,81,0,0,0,0,0,0,0,0,0,0,0,0,13,
26/08/2021,15:01:44,53,228,0,0,253,18,0,4,0,149,0,0,0,12,1,0,1,0,1,103,129,0,2,0,1,254,1,20,103,16,0,95,0,0,0,0,9,1,9,0,81,0,0,0,0,0,0,0,0,0,0,0,0,14,
26/08/2021,15:01:51,53,228,0,0,253,18,0,4,0,149,0,0,0,12,1,0,1,0,1,103,129,0,2,0,1,254,1,20,103,16,0,95,0,0,0,0,9,1,9,0,81,0,0,0,0,0,0,0,0,0,0,0,0,15,
26/08/2021,15:01:57,53,228,0,0,253,18,0,4,0,149,0,0,0,12,1,0,1,0,1,103,129,0,2,0,1,254,1,20,103,16,0,95,0,0,0,0,9,1,9,0,81,0,0,0,0,0,0,0,0,0,0,0,0,16,
26/08/2021,15:02:03,53,228,0,0,253,18,0,4,0,149,0,0,0,12,1,0,1,0,1,103,129,0,2,0,1,254,1,20,103,16,0,95,0,0,0,0,9,1,9,0,81,0,0,0,0,0,0,0,0,0,0,0,0,17,
26/08/2021,15:02:09,53,228,0,0,253,18,0,4,0,149,0,0,0,12,1,0,1,0,1,103,129,0,2,0,1,254,1,20,103,16,0,95,0,0,0,0,9,1,9,0,81,0,0,0,0,0,0,0,0,0,0,0,0,18,
26/08/2021,15:02:15,53,228,0,0,253,18,0,4,0,149,0,0,0,12,1,0,1,0,1,103,129,0,2,0,1,254,1,20,103,16,0,95,0,0,0,0,9,1,9,0,81,0,0,0,0,0,0,0,0,0,0,0,0,19,
26/08/2021,15:02:21,53,228,0,0,253,18,0,4,0,149,0,0,0,12,1,0,1,0,1,103,129,0,2,0,1,254,1,20,103,16,0,95,0,0,0,0,9,1,9,0,81,0,0,0,0,0,0,0,0,0,0,0,0,20,
26/08/2021,15:02:27,53,228,0,0,253,18,0,4,0,149,0,0,0,12,1,0,1,0,1,103,129,0,2,0,1,254,1,20,103,16,0,95,0,0,0,0,9,1,9,0,81,0,0,0,0,0,0,0,0,0,0,0,0,21,
26/08/2021,15:02:33,53,228,0,0,253,18,0,4,0,149,0,0,0,12,1,0,1,0,1,103,129,0,2,0,1,254,1,20,103,16,0,95,0,0,0,0,9,1,9,0,81,0,0,0,0,0,0,0,0,0,0,0,0,22,
26/08/2021,15:02:39,53,228,0,0,253,18,0,4,0,149,0,0,0,12,1,0,1,0,1,103,129,0,2,0,1,254,1,20,103,16,0,95,0,0,0,0,9,1,9,0,81,0,0,0,0,0,0,0,0,0,0,0,0,23,
26/08/2021,15:02:45,53,228,0,0,253,18,0,4,0,149,0,0,0,12,1,0,1,0,1,103,129,0,2,0,1,254,1,20,103,16,0,95,0,0,0,0,9,1,9,0,81,0,0,0,0,0,0,0,0,0,0,0,0,8,
26/08/2021,15:02:51,53,228,0,0,253,18,0,4,0,149,0,0,0,12,1,0,1,0,1,103,129,0,2,0,1,254,1,20,103,16,0,95,0,0,0,0,9,1,9,0,81,0,0,0,0,0,0,0,0,0,0,0,0,9,
26/08/2021,15:02:57,53,228,0,0,253,18,0,4,0,149,0,0,0,12,1,0,1,0,1,103,129,0,2,0,1,254,1,20,103,16,0,95,0,0,0,0,9,1,9,0,81,0,0,0,0,0,0,0,0,0,0,0,0,10,
26/08/2021,15:03:03,53,228,0,0,253,18,0,4,0,149,0,0,0,12,1,0,1,0,1,103,129,0,2,0,1,254,1,20,103,16,0,95,0,0,0,0,9,1,9,0,81,0,0,0,0,0,0,0,0,0,0,0,0,11,
26/08/2021,15:03:09,53,228,0,0,253,18,0,4,0,149,0,0,0,12,1,0,1,0,1,103,129,0,2,0,1,254,1,20,103,16,0,95,0,0,0,0,9,1,9,0,81,0,0,0,0,0,0,0,0,0,0,0,0,12,
26/08/2021,15:03:15,53,228,0,0,253,18,0,4,0,149,0,0,0,12,1,0,1,0,1,103,129,0,2,0,1,254,1,20,103,16,0,95,0,0,0,0,9,1,9,0,81,0,0,0,0,0,0,0,0,0,0,0,0,13,
26/08/2021,15:03:21,53,228,0,0,253,18,0,4,0,149,0,0,0,12,1,0,1,0,1,103,129,0,2,0,1,254,1,20,103,16,0,95,0,0,0,0,9,1,9,0,81,0,0,0,0,0,0,0,0,0,0,0,0,14,
26/08/2021,15:03:27,53,228,0,0,253,18,0,4,0,149,0,0,0,12,1,0,1,0,1,103,129,0,2,0,1,254,1,20,103,16,0,95,0,0,0,0,9,1,9,0,81,0,0,0,0,0,0,0,0,0,0,0,0,15,
26/08/2021,15:03:33,53,228,0,0,253,18,0,4,0,149,0,0,0,12,1,0,1,0,1,103,129,0,2,0,1,254,1,20,103,16,0,95,0,0,0,0,9,1,9,0,81,0,0,0,0,0,0,0,0,0,0,0,0,16,
26/08/2021,15:03:39,53,228,0,0,253,18,0,4,0,149,0,0,0,12,1,0,1,0,1,103,129,0,2,0,1,254,1,20,103,16,0,95,0,0,0,0,9,1,9,0,81,0,0,0,0,0,0,0,0,0,0,0,0,17,
26/08/2021,15:03:46,53,228,0,0,253,18,0,4,0,149,0,0,0,12,1,0,1,0,1,103,129,0,2,0,1,254,1,20,103,16,0,95,0,0,0,0,9,1,9,0,81,0,0,0,0,0,0,0,0,0,0,0,0,18,
26/08/2021,15:03:52,53,228,0,0,253,18,0,4,0,149,0,0,0,12,1,0,1,0,1,103,129,0,2,0,1,254,1,20,103,16,0,95,0,0,0,0,9,1,9,0,81,0,0,0,0,0,0,0,0,0,0,0,0,19,
26/08/2021,15:03:58,53,228,0,0,253,18,0,4,0,149,0,0,0,12,1,0,1,0,1,103,129,0,2,0,1,254,1,20,103,16,0,95,0,0,0,0,9,1,9,0,81,0,0,0,0,0,0,0,0,0,0,0,0,20,
26/08/2021,15:04:04,53,228,0,0,253,18,0,4,0,149,0,0,0,12,1,0,1,0,1,103,129,0,2,0,1,254,1,20,103,16,0,95,0,0,0,0,9,1,9,0,81,0,0,0,0,0,0,0,0,0,0,0,0,21,
26/08/2021,15:04:10,53,228,0,0,253,18,0,4,0,149,0,0,0,12,1,0,1,0,1,103,129,0,2,0,1,254,1,20,103,16,0,95,0,0,0,0,9,1,9,0,81,0,0,0,0,0,0,0,0,0,0,0,0,22,
26/08/2021,15:04:16,53,228,0,0,253,18,0,4,0,149,0,0,0,12,1,0,1,0,1,103,129,0,2,0,1,254,1,20,103,16,0,95,0,0,0,0,9,1,9,0,81,0,0,0,0,0,0,0,0,0,0,0,0,23,
26/08/2021,15:04:22,53,228,0,0,253,18,0,4,0,149,0,0,0,12,1,0,1,0,1,103,129,0,2,0,1,254,1,20,103,16,0,95,0,0,0,0,9,1,9,0,81,0,0,0,0,0,0,0,0,0,0,0,0,8,
26/08/2021,15:04:28,53,228,0,0,253,18,0,4,0,149,0,0,0,12,1,0,1,0,1,103,129,0,2,0,1,254,1,20,103,16,0,95,0,0,0,0,9,1,9,0,81,0,0,0,0,0,0,0,0,0,0,0,0,9,
26/08/2021,15:04:34,53,228,0,0,253,18,0,4,0,149,0,0,0,12,1,0,1,0,1,103,129,0,2,0,1,254,1,20,103,16,0,95,0,0,0,0,9,1,9,0,81,0,0,0,0,0,0,0,0,0,0,0,0,10,
26/08/2021,15:04:40,53,228,0,0,253,18,0,4,0,149,0,0,0,12,1,0,1,0,1,103,129,0,2,0,1,254,1,20,103,16,0,95,0,0,0,0,9,1,9,0,81,0,0,0,0,0,0,0,0,0,0,0,0,11,
26/08/2021,15:04:46,53,228,0,0,253,18,0,4,0,149,0,0,0,12,1,0,1,0,1,103,129,0,2,0,1,254,1,20,103,16,0,95,0,0,0,0,9,1,9,0,81,0,0,0,0,0,0,0,0,0,0,0,0,12,
26/08/2021,15:04:52,53,228,0,0,253,18,0,4,0,149,0,0,0,12,1,0,1,0,1,103,129,0,2,0,1,254,1,20,103,16,0,95,0,0,0,0,9,1,9,0,81,0,0,0,0,0,0,0,0,0,0,0,0,13,
26/08/2021,15:04:58,53,228,0,0,253,18,0,4,0,149,0,0,0,12,1,0,1,0,1,103,129,0,2,0,1,254,1,20,103,16,0,95,0,0,0,0,9,1,9,0,81,0,0,0,0,0,0,0,0,0,0,0,0,14,
26/08/2021,15:05:04,53,228,0,0,253,18,0,4,0,149,0,0,0,12,1,0,1,0,1,103,129,0,2,0,1,254,1,20,103,16,0,95,0,0,0,0,9,1,9,0,81,0,0,0,0,0,0,0,0,0,0,0,0,15,
26/08/2021,15:05:10,53,228,0,0,253,18,0,4,0,149,0,0,0,12,1,0,1,0,1,103,129,0,2,0,1,254,1,20,103,16,0,95,0,0,0,0,9,1,9,0,81,0,0,0,0,0,0,0,0,0,0,0,0,16,
26/08/2021,15:05:16,53,228,0,0,253,18,0,4,0,149,0,0,0,12,1,0,1,0,1,103,129,0,2,0,1,254,1,20,103,16,0,95,0,0,0,0,9,1,9,0,81,0,0,0,0,0,0,0,0,0,0,0,0,17,
26/08/2021,15:05:22,53,228,0,0,253,18,0,4,0,149,0,0,0,12,1,0,1,0,1,103,129,0,2,0,1,254,1,20,103,16,0,95,0,0,0,0,9,1,9,0,81,0,0,0,0,0,0,0,0,0,0,0,0,18,
26/08/2021,15:05:28,53,228,0,0,253,18,0,4,0,149,0,0,0,12,1,0,1,0,1,103,129,0,2,0,1,254,1,20,103,16,0,95,0,0,0,0,9,1,9,0,81,0,0,0,0,0,0,0,0,0,0,0,0,19,
26/08/2021,15:05:34,53,228,0,0,253,18,0,4,0,149,0,0,0,12,1,0,1,0,1,103,129,0,2,0,1,254,1,20,103,16,0,95,0,0,0,0,9,1,9,0,81,0,0,0,0,0,0,0,0,0,0,0,0,20,
26/08/2021,15:05:40,53,228,0,0,253,18,0,4,0,149,0,0,0,12,1,0,1,0,1,103,129,0,2,0,1,254,1,20,103,16,0,95,0,0,0,0,9,1,9,0,81,0,0,0,0,0,0,0,0,0,0,0,0,21,
26/08/2021,15:05:46,53,228,0,0,253,18,0,4,0,149,0,0,0,12,1,0,1,0,1,103,129,0,2,0,1,254,1,20,103,16,0,95,0,0,0,0,9,1,9,0,81,0,0,0,0,0,0,0,0,0,0,0,0,22,
26/08/2021,15:05:52,53,228,0,0,253,18,0,4,0,149,0,0,0,12,1,0,1,0,1,103,129,0,2,0,1,254,1,20,103,16,0,95,0,0,0,0,9,1,9,0,81,0,0,0,0,0,0,0,0,0,0,0,0,23,
26/08/2021,15:05:58,53,228,0,0,253,18,0,4,0,149,0,0,0,12,1,0,1,0,1,103,129,0,2,0,1,254,1,20,103,16,0,95,0,0,0,0,9,1,9,0,81,0,0,0,0,0,0,0,0,0,0,0,0,8,
26/08/2021,15:06:04,53,228,0,0,253,18,0,4,0,149,0,0,0,12,1,0,1,0,1,103,129,0,2,0,1,254,1,20,103,16,0,95,0,0,0,0,9,1,9,0,81,0,0,0,0,0,0,0,0,0,0,0,0,9,
26/08/2021,15:06:10,53,228,0,0,253,18,0,4,0,149,0,0,0,12,1,0,1,0,1,103,129,0,2,0,1,254,1,20,103,16,0,95,0,0,0,0,9,1,9,0,81,0,0,0,0,0,0,0,0,0,0,0,0,10,
26/08/2021,15:06:16,53,228,0,0,253,18,0,4,0,149,0,0,0,12,1,0,1,0,1,103,129,0,2,0,1,254,1,20,103,16,0,95,0,0,0,0,9,1,9,0,81,0,0,0,0,0,0,0,0,0,0,0,0,11,
26/08/2021,15:06:23,53,228,0,0,253,18,0,4,0,149,0,0,0,12,1,0,1,0,1,103,129,0,2,0,1,254,1,20,103,16,0,95,0,0,0,0,9,1,9,0,81,0,0,0,0,0,0,0,0,0,0,0,0,12,
26/08/2021,15:06:29,53,228,0,0,253,18,0,4,0,149,0,0,0,12,1,0,1,0,1,103,129,0,2,0,1,254,1,20,103,16,0,95,0,0,0,0,9,1,9,0,81,0,0,0,0,0,0,0,0,0,0,0,0,13,
26/08/2021,15:06:35,53,228,0,0,253,18,0,4,0,149,0,0,0,12,1,0,1,0,1,103,129,0,2,0,1,254,1,20,103,16,0,95,0,0,0,0,9,1,9,0,81,0,0,0,0,0,0,0,0,0,0,0,0,14,
26/08/2021,15:06:41,53,228,0,0,253,18,0,4,0,149,0,0,0,12,1,0,1,0,1,103,129,0,2,0,1,254,1,20,103,16,0,95,0,0,0,0,9,1,9,0,81,0,0,0,0,0,0,0,0,0,0,0,0,15,
26/08/2021,15:06:47,53,228,0,0,253,18,0,4,0,149,0,0,0,12,1,0,1,0,1,103,129,0,2,0,1,254,1,20,103,16,0,95,0,0,0,0,9,1,9,0,81,0,0,0,0,0,0,0,0,0,0,0,0,16,
26/08/2021,15:06:53,53,228,0,0,253,18,0,4,0,149,0,0,0,12,1,0,1,0,1,103,129,0,2,0,1,254,1,20,103,16,0,95,0,0,0,0,9,1,9,0,81,0,0,0,0,0,0,0,0,0,0,0,0,17,
26/08/2021,15:06:59,53,228,0,0,253,18,0,4,0,149,0,0,0,12,1,0,1,0,1,103,129,0,2,0,1,254,1,20,103,16,0,95,0,0,0,0,9,1,9,0,81,0,0,0,0,0,0,0,0,0,0,0,0,18,
26/08/2021,15:07:05,53,228,0,0,253,18,0,4,0,149,0,0,0,12,1,0,1,0,1,103,129,0,2,0,1,254,1,20,103,16,0,95,0,0,0,0,9,1,9,0,81,0,0,0,0,0,0,0,0,0,0,0,0,19,
26/08/2021,15:07:11,53,228,0,0,253,18,0,4,0,149,0,0,0,12,1,0,1,0,1,103,129,0,2,0,1,254,1,20,103,16,0,95,0,0,0,0,9,1,9,0,81,0,0,0,0,0,0,0,0,0,0,0,0,20,
26/08/2021,15:07:17,53,228,0,0,253,18,0,4,0,149,0,0,0,12,1,0,1,0,1,103,129,0,2,0,1,254,1,20,103,16,0,95,0,0,0,0,9,1,9,0,81,0,0,0,0,0,0,0,0,0,0,0,0,21,
26/08/2021,15:07:23,53,228,0,0,253,18,0,4,0,149,0,0,0,12,1,0,1,0,1,103,129,0,2,0,1,254,1,20,103,16,0,95,0,0,0,0,9,1,9,0,81,0,0,0,0,0,0,0,0,0,0,0,0,22,
26/08/2021,15:07:29,53,228,0,0,253,18,0,4,0,149,0,0,0,12,1,0,1,0,1,103,129,0,2,0,1,254,1,20,103,16,0,95,0,0,0,0,9,1,9,0,81,0,0,0,0,0,0,0,0,0,0,0,0,23,
26/08/2021,15:07:35,53,228,0,0,253,18,0,4,0,149,0,0,0,12,1,0,1,0,1,103,129,0,2,0,1,254,1,20,103,16,0,95,0,0,0,0,9,1,9,0,81,0,0,0,0,0,0,0,0,0,0,0,0,8,
26/08/2021,15:07:41,53,228,0,0,253,18,0,4,0,149,0,0,0,12,1,0,1,0,1,103,129,0,2,0,1,254,1,20,103,16,0,95,0,0,0,0,9,1,9,0,81,0,0,0,0,0,0,0,0,0,0,0,0,9,
26/08/2021,15:07:47,53,228,0,0,253,18,0,4,0,149,0,0,0,12,1,0,1,0,1,103,129,0,2,0,1,254,1,20,103,16,0,95,0,0,0,0,9,1,9,0,81,0,0,0,0,0,0,0,0,0,0,0,0,10,
26/08/2021,15:07:53,53,228,0,0,253,18,0,4,0,149,0,0,0,12,1,0,1,0,1,103,129,0,2,0,1,254,1,20,103,16,0,95,0,0,0,0,9,1,9,0,81,0,0,0,0,0,0,0,0,0,0,0,0,11,
26/08/2021,15:07:59,53,228,0,0,253,18,0,4,0,149,0,0,0,12,1,0,1,0,1,103,129,0,2,0,1,254,1,20,103,16,0,95,0,0,0,0,9,1,9,0,81,0,0,0,0,0,0,0,0,0,0,0,0,12,
26/08/2021,15:08:05,53,228,0,0,253,18,0,4,0,149,0,0,0,12,1,0,1,0,1,103,129,0,2,0,1,254,1,20,103,16,0,95,0,0,0,0,9,1,9,0,81,0,0,0,0,0,0,0,0,0,0,0,0,13,
26/08/2021,15:08:11,53,228,0,0,253,18,0,4,0,149,0,0,0,12,1,0,1,0,1,103,129,0,2,0,1,254,1,20,103,16,0,95,0,0,0,0,9,1,9,0,81,0,0,0,0,0,0,0,0,0,0,0,0,14,
26/08/2021,15:08:17,53,228,0,0,253,18,0,4,0,149,0,0,0,12,1,0,1,0,1,103,129,0,2,0,1,254,1,20,103,16,0,95,0,0,0,0,9,1,9,0,81,0,0,0,0,0,0,0,0,0,0,0,0,15,
26/08/2021,15:08:23,53,228,0,0,253,18,0,4,0,149,0,0,0,12,1,0,1,0,1,103,129,0,2,0,1,254,1,20,103,16,0,95,0,0,0,0,9,1,9,0,81,0,0,0,0,0,0,0,0,0,0,0,0,16,
26/08/2021,15:08:29,53,228,0,0,253,18,0,4,0,149,0,0,0,12,1,0,1,0,1,103,129,0,2,0,1,254,1,20,103,16,0,95,0,0,0,0,9,1,9,0,81,0,0,0,0,0,0,0,0,0,0,0,0,17,
26/08/2021,15:08:35,53,228,0,0,253,18,0,4,0,149,0,0,0,12,1,0,1,0,1,103,129,0,2,0,1,254,1,20,103,16,0,95,0,0,0,0,9,1,9,0,81,0,0,0,0,0,0,0,0,0,0,0,0,18,
26/08/2021,15:08:41,53,228,0,0,253,18,0,4,0,149,0,0,0,12,1,0,1,0,1,103,129,0,2,0,1,254,1,20,103,16,0,95,0,0,0,0,9,1,9,0,81,0,0,0,0,0,0,0,0,0,0,0,0,19,
26/08/2021,15:08:48,53,228,0,0,253,18,0,4,0,149,0,0,0,12,1,0,1,0,1,103,129,0,2,0,1,254,1,20,103,16,0,95,0,0,0,0,9,1,9,0,81,0,0,0,0,0,0,0,0,0,0,0,0,20,
26/08/2021,15:08:54,53,228,0,0,253,18,0,4,0,149,0,0,0,12,1,0,1,0,1,103,129,0,2,0,1,254,1,20,103,16,0,95,0,0,0,0,9,1,9,0,81,0,0,0,0,0,0,0,0,0,0,0,0,21,
26/08/2021,15:09:00,53,228,0,0,253,18,0,4,0,149,0,0,0,12,1,0,1,0,1,103,129,0,2,0,1,254,1,20,103,16,0,95,0,0,0,0,9,1,9,0,81,0,0,0,0,0,0,0,0,0,0,0,0,22,
26/08/2021,15:09:06,53,228,0,0,253,18,0,4,0,149,0,0,0,12,1,0,1,0,1,103,129,0,2,0,1,254,1,20,103,16,0,95,0,0,0,0,9,1,9,0,81,0,0,0,0,0,0,0,0,0,0,0,0,23,
26/08/2021,15:09:12,53,228,0,0,253,18,0,4,0,149,0,0,0,12,1,0,1,0,1,103,129,0,2,0,1,254,1,20,103,16,0,95,0,0,0,0,9,1,9,0,81,0,0,0,0,0,0,0,0,0,0,0,0,8,
26/08/2021,15:09:18,53,228,0,0,253,18,0,4,0,149,0,0,0,12,1,0,1,0,1,103,129,0,2,0,1,254,1,20,103,16,0,95,0,0,0,0,9,1,9,0,81,0,0,0,0,0,0,0,0,0,0,0,0,9,
26/08/2021,15:09:24,53,228,0,0,253,18,0,4,0,149,0,0,0,12,1,0,1,0,1,103,129,0,2,0,1,254,1,20,103,16,0,95,0,0,0,0,9,1,9,0,81,0,0,0,0,0,0,0,0,0,0,0,0,10,
26/08/2021,15:09:30,53,228,0,0,253,18,0,4,0,149,0,0,0,12,1,0,1,0,1,103,129,0,2,0,1,254,1,20,103,16,0,95,0,0,0,0,9,1,9,0,81,0,0,0,0,0,0,0,0,0,0,0,0,11,
26/08/2021,15:09:36,53,228,0,0,253,18,0,4,0,149,0,0,0,12,1,0,1,0,1,103,129,0,2,0,1,254,1,20,103,16,0,95,0,0,0,0,9,1,9,0,81,0,0,0,0,0,0,0,0,0,0,0,0,12,
26/08/2021,15:09:42,53,228,0,0,253,18,0,4,0,149,0,0,0,12,1,0,1,0,1,103,129,0,2,0,1,254,1,20,103,16,0,95,0,0,0,0,9,1,9,0,81,0,0,0,0,0,0,0,0,0,0,0,0,13,
26/08/2021,15:09:48,53,228,0,0,253,18,0,4,0,149,0,0,0,12,1,0,1,0,1,103,129,0,2,0,1,254,1,20,103,16,0,95,0,0,0,0,9,1,9,0,81,0,0,0,0,0,0,0,0,0,0,0,0,14,
26/08/2021,15:09:54,53,228,0,0,253,18,0,4,0,149,0,0,0,12,1,0,1,0,1,103,129,0,2,0,1,254,1,20,103,16,0,95,0,0,0,0,9,1,9,0,81,0,0,0,0,0,0,0,0,0,0,0,0,15,
26/08/2021,15:10:00,53,228,0,0,253,18,0,4,0,149,0,0,0,12,1,0,1,0,1,103,129,0,2,0,1,254,1,20,103,16,0,95,0,0,0,0,9,1,9,0,81,0,0,0,0,0,0,0,0,0,0,0,0,16,
26/08/2021,15:10:06,53,228,0,0,253,18,0,4,0,149,0,0,0,12,1,0,1,0,1,103,129,0,2,0,1,254,1,20,103,16,0,95,0,0,0,0,9,1,9,0,81,0,0,0,0,0,0,0,0,0,0,0,0,17,
26/08/2021,15:10:12,53,228,0,0,253,18,0,4,0,149,0,0,0,12,1,0,1,0,1,103,129,0,2,0,1,254,1,20,103,16,0,95,0,0,0,0,9,1,9,0,81,0,0,0,0,0,0,0,0,0,0,0,0,18,
26/08/2021,15:10:18,53,228,0,0,253,18,0,4,0,149,0,0,0,12,1,0,1,0,1,103,129,0,2,0,1,254,1,20,103,16,0,95,0,0,0,0,9,1,9,0,81,0,0,0,0,0,0,0,0,0,0,0,0,19,
26/08/2021,15:10:24,53,228,0,0,253,18,0,4,0,149,0,0,0,12,1,0,1,0,1,103,129,0,2,0,1,254,1,20,103,16,0,95,0,0,0,0,9,1,9,0,81,0,0,0,0,0,0,0,0,0,0,0,0,20,
26/08/2021,15:10:30,53,228,0,0,253,18,0,4,0,149,0,0,0,12,1,0,1,0,1,103,129,0,2,0,1,254,1,20,103,16,0,95,0,0,0,0,9,1,9,0,81,0,0,0,0,0,0,0,0,0,0,0,0,21,
26/08/2021,15:10:36,53,228,0,0,253,18,0,4,0,149,0,0,0,12,1,0,1,0,1,103,129,0,2,0,1,254,1,20,103,16,0,95,0,0,0,0,9,1,9,0,81,0,0,0,0,0,0,0,0,0,0,0,0,22,
26/08/2021,15:10:42,53,228,0,0,253,18,0,4,0,149,0,0,0,12,1,0,1,0,1,103,129,0,2,0,1,254,1,20,103,16,0,95,0,0,0,0,9,1,9,0,81,0,0,0,0,0,0,0,0,0,0,0,0,23,
26/08/2021,15:10:48,53,228,0,0,253,18,0,4,0,149,0,0,0,12,1,0,1,0,1,103,129,0,2,0,1,254,1,20,103,16,0,95,0,0,0,0,9,1,9,0,81,0,0,0,0,0,0,0,0,0,0,0,0,8,
26/08/2021,15:10:55,53,228,0,0,253,18,0,4,0,149,0,0,0,12,1,0,1,0,1,103,129,0,2,0,1,254,1,20,103,16,0,95,0,0,0,0,9,1,9,0,81,0,0,0,0,0,0,0,0,0,0,0,0,9,
26/08/2021,15:11:01,53,228,0,0,253,18,0,4,0,149,0,0,0,12,1,0,1,0,1,103,129,0,2,0,1,254,1,20,103,16,0,95,0,0,0,0,9,1,9,0,81,0,0,0,0,0,0,0,0,0,0,0,0,10,
26/08/2021,15:11:07,53,228,0,0,253,18,0,4,0,149,0,0,0,12,1,0,1,0,1,103,129,0,2,0,1,254,1,20,103,16,0,95,0,0,0,0,9,1,9,0,81,0,0,0,0,0,0,0,0,0,0,0,0,11,
26/08/2021,15:11:14,53,228,0,0,253,18,0,4,0,149,0,0,0,12,1,0,1,0,1,103,129,0,2,0,1,254,1,20,103,16,0,95,0,0,0,0,9,1,9,0,81,0,0,0,0,0,0,0,0,0,0,0,0,12,
